#
# A fatal error has been detected by the Java Runtime Environment:
#
#  Internal Error (generateOopMap.cpp:2164), pid=17380, tid=16643
#  fatal error: Illegal class file encountered. Try running with -Xverify:all in method updateAccommodation
#
# JRE version: OpenJDK Runtime Environment Temurin-11.0.16.1+1 (11.0.16.1+1) (build 11.0.16.1+1)
# Java VM: OpenJDK 64-Bit Server VM Temurin-11.0.16.1+1 (11.0.16.1+1, mixed mode, tiered, compressed oops, g1 gc, bsd-aarch64)
# No core dump will be written. Core dumps have been disabled. To enable core dumping, try "ulimit -c unlimited" before starting Java again
#
# If you would like to submit a bug report, please visit:
#   https://github.com/adoptium/adoptium-support/issues
#

---------------  S U M M A R Y ------------

Command Line: -agentlib:jdwp=transport=dt_socket,suspend=y,address=localhost:61277 -Dcom.sun.management.jmxremote -Dcom.sun.management.jmxremote.port=61276 -Dcom.sun.management.jmxremote.authenticate=false -Dcom.sun.management.jmxremote.ssl=false -Djava.rmi.server.hostname=localhost -Dspring.jmx.enabled=true -Dmanagement.endpoints.jmx.exposure.include=* -Dspring.application.admin.enabled=true -Djava.security.egd=file:/dev/./urandom -XX:TieredStopAtLevel=1 -Dspring.boot.project.name=various_functions_springboot_v1 -javaagent:/Applications/SpringToolSuite4.app/Contents/Eclipse/configuration/org.eclipse.osgi/252/0/.cp/lib/javaagent-shaded.jar -Dfile.encoding=UTF-8 -Dstdout.encoding=UTF-8 -Dstderr.encoding=UTF-8 com.various_functions.VariousFunctionsSpringbootV1Application --debug --spring.output.ansi.enabled=always

Host: MacBookAir10,1 arm64 1 MHz, 8 cores, 8G, Darwin 23.3.0
Time: Sat Jul 20 01:14:17 2024 KST elapsed time: 1264.259102 seconds (0d 0h 21m 4s)

---------------  T H R E A D  ---------------

Current thread (0x0000000128025000):  VMThread "VM Thread" [stack: 0x000000016bb64000,0x000000016bd67000] [id=16643]

Stack: [0x000000016bb64000,0x000000016bd67000],  sp=0x000000016bd66080,  free space=2056k
Native frames: (J=compiled Java code, A=aot compiled Java code, j=interpreted, Vv=VM code, C=native code)
V  [libjvm.dylib+0x744614]  VMError::report_and_die(int, char const*, char const*, char*, Thread*, unsigned char*, void*, void*, char const*, int, unsigned long)+0x670
V  [libjvm.dylib+0x2034d4]  report_fatal(VMErrorType, char const*, int, char const*, ...)+0x70
V  [libjvm.dylib+0x2e01f0]  GenerateOopMap::error_work(char const*, char*)+0xf8
V  [libjvm.dylib+0x2dcb90]  GenerateOopMap::report_error(char const*, ...)+0x1c
V  [libjvm.dylib+0x2df3e8]  GenerateOopMap::ppop1(CellTypeState)+0x4c
V  [libjvm.dylib+0x2def8c]  GenerateOopMap::pp(CellTypeState*, CellTypeState*)+0x30
V  [libjvm.dylib+0x2df578]  GenerateOopMap::do_field(int, int, int, int)+0x104
V  [libjvm.dylib+0x2dda24]  GenerateOopMap::interp_bb(BasicBlock*)+0xf0
V  [libjvm.dylib+0x2dd6a8]  GenerateOopMap::interp_all()+0x50
V  [libjvm.dylib+0x2dd314]  GenerateOopMap::do_interpretation()+0x58
V  [libjvm.dylib+0x2dffe0]  GenerateOopMap::compute_map(Thread*)+0x158
V  [libjvm.dylib+0x59456c]  OopMapForCacheEntry::compute_map(Thread*)+0x60
V  [libjvm.dylib+0x594e84]  OopMapCacheEntry::fill(methodHandle const&, int)+0xa4
V  [libjvm.dylib+0x59576c]  OopMapCache::compute_one_oop_map(methodHandle const&, int, InterpreterOopMap*)+0x58
V  [libjvm.dylib+0x551714]  Method::mask_for(int, InterpreterOopMap*)+0xac
V  [libjvm.dylib+0x485a84]  VM_GetOrSetLocal::doit()+0x58
V  [libjvm.dylib+0x74666c]  VM_Operation::evaluate()+0xe4
V  [libjvm.dylib+0x74f1c8]  VMThread::evaluate_operation(VM_Operation*)+0x164
V  [libjvm.dylib+0x74ed84]  VMThread::loop()+0x330
V  [libjvm.dylib+0x74e94c]  VMThread::run()+0x7c
V  [libjvm.dylib+0x6f79e4]  Thread::call_run()+0x7c
V  [libjvm.dylib+0x59ece0]  thread_native_entry(Thread*)+0x11c
C  [libsystem_pthread.dylib+0x7034]  _pthread_start+0x88

VM_Operation (0x000000016cede9a0): GetOrSetLocal, mode: safepoint, requested by thread 0x00000001280bc800


---------------  P R O C E S S  ---------------

Threads class SMR info:
_java_thread_list=0x00006000003c7820, length=37, elements={
0x0000000126901000, 0x0000000128028000, 0x000000012802c800, 0x000000012802f000,
0x0000000128030000, 0x0000000128030800, 0x0000000128035800, 0x00000001280bc800,
0x0000000107815000, 0x00000001280bf800, 0x0000000126909000, 0x000000012690a000,
0x0000000107a7f800, 0x0000000127020800, 0x0000000107c78000, 0x0000000126ca9800,
0x0000000127172000, 0x0000000127184000, 0x0000000107fdd800, 0x0000000124910800,
0x000000012492a800, 0x0000000127024800, 0x0000000107949800, 0x00000001283c3800,
0x000000012850f000, 0x00000001285c2000, 0x00000001270a3800, 0x0000000126de5000,
0x0000000124a06800, 0x00000001270a4000, 0x0000000124a07000, 0x0000000124a6c800,
0x0000000124a6d800, 0x0000000126c81800, 0x0000000124a78800, 0x0000000124a79800,
0x0000000126821000
}

Java Threads: ( => current thread )
  0x0000000126901000 JavaThread "Reference Handler" daemon [_thread_blocked, id=20995, stack(0x000000016bd70000,0x000000016bf73000)]
  0x0000000128028000 JavaThread "Finalizer" daemon [_thread_blocked, id=20483, stack(0x000000016bf7c000,0x000000016c17f000)]
  0x000000012802c800 JavaThread "Signal Dispatcher" daemon [_thread_blocked, id=32515, stack(0x000000016c2a0000,0x000000016c4a3000)]
  0x000000012802f000 JavaThread "Service Thread" daemon [_thread_blocked, id=31747, stack(0x000000016c4ac000,0x000000016c6af000)]
  0x0000000128030000 JavaThread "C1 CompilerThread0" daemon [_thread_blocked, id=31235, stack(0x000000016c6b8000,0x000000016c8bb000)]
  0x0000000128030800 JavaThread "Sweeper thread" daemon [_thread_blocked, id=22531, stack(0x000000016c8c4000,0x000000016cac7000)]
  0x0000000128035800 JavaThread "Common-Cleaner" daemon [_thread_blocked, id=30467, stack(0x000000016cad0000,0x000000016ccd3000)]
  0x00000001280bc800 JavaThread "JDWP Transport Listener: dt_socket" daemon [_thread_blocked, id=30211, stack(0x000000016ccdc000,0x000000016cedf000)] _threads_hazard_ptr=0x00006000003c7820
  0x0000000107815000 JavaThread "JDWP Event Helper Thread" daemon [_thread_blocked, id=29955, stack(0x000000016cee8000,0x000000016d0eb000)]
  0x00000001280bf800 JavaThread "JDWP Command Reader" daemon [_thread_in_native, id=29699, stack(0x000000016d0f4000,0x000000016d2f7000)]
  0x0000000126909000 JavaThread "RMI TCP Accept-0" daemon [_thread_in_native, id=24579, stack(0x000000016d300000,0x000000016d503000)]
  0x000000012690a000 JavaThread "RMI TCP Accept-61276" daemon [_thread_in_native, id=24835, stack(0x000000016d50c000,0x000000016d70f000)]
  0x0000000107a7f800 JavaThread "RMI TCP Accept-0" daemon [_thread_in_native, id=27907, stack(0x000000016d718000,0x000000016d91b000)]
  0x0000000127020800 JavaThread "RMI Scheduler(0)" daemon [_thread_blocked, id=40195, stack(0x000000016f7d8000,0x000000016f9db000)]
  0x0000000107c78000 JavaThread "JMX server connection timeout 26" daemon [_thread_blocked, id=36355, stack(0x000000016f9e4000,0x000000016fbe7000)]
  0x0000000126ca9800 JavaThread "mysql-cj-abandoned-connection-cleanup" daemon [_thread_blocked, id=37635, stack(0x0000000170008000,0x000000017020b000)]
  0x0000000127172000 JavaThread "Live Reload Server" daemon [_thread_in_native, id=44551, stack(0x0000000170838000,0x0000000170a3b000)]
  0x0000000127184000 JavaThread "http-nio-8081-exec-3" daemon [_thread_blocked, id=62467, stack(0x0000000170e5c000,0x000000017105f000)]
  0x0000000107fdd800 JavaThread "DestroyJavaVM" [_thread_blocked, id=9987, stack(0x000000016af1c000,0x000000016b11f000)]
  0x0000000124910800 JavaThread "Catalina-utility-1" [_thread_blocked, id=36879, stack(0x000000016ed9c000,0x000000016ef9f000)]
  0x000000012492a800 JavaThread "Catalina-utility-2" [_thread_blocked, id=38919, stack(0x000000016f5cc000,0x000000016f7cf000)]
  0x0000000127024800 JavaThread "container-0" [_thread_blocked, id=34831, stack(0x000000016fbf0000,0x000000016fdf3000)]
  0x0000000107949800 JavaThread "HikariPool-2 housekeeper" daemon [_thread_blocked, id=45319, stack(0x000000016fdfc000,0x000000016ffff000)]
  0x00000001283c3800 JavaThread "File Watcher" daemon [_thread_blocked, id=47367, stack(0x0000000170420000,0x0000000170623000)]
  0x000000012850f000 JavaThread "http-nio-8081-exec-1" daemon [_thread_blocked, id=60167, stack(0x000000017062c000,0x000000017082f000)]
  0x00000001285c2000 JavaThread "http-nio-8081-exec-2" daemon [_thread_blocked, id=63495, stack(0x0000000170a44000,0x0000000170c47000)]
  0x00000001270a3800 JavaThread "http-nio-8081-exec-3" daemon [_thread_blocked, id=63239, stack(0x0000000170c50000,0x0000000170e53000)]
  0x0000000126de5000 JavaThread "http-nio-8081-exec-4" daemon [_thread_blocked, id=44807, stack(0x0000000171068000,0x000000017126b000)]
  0x0000000124a06800 JavaThread "http-nio-8081-exec-5" daemon [_thread_blocked, id=61447, stack(0x0000000171274000,0x0000000171477000)]
  0x00000001270a4000 JavaThread "http-nio-8081-exec-6" daemon [_thread_blocked, id=59399, stack(0x0000000171480000,0x0000000171683000)]
  0x0000000124a07000 JavaThread "http-nio-8081-exec-7" daemon [_thread_blocked, id=58631, stack(0x000000017168c000,0x000000017188f000)]
  0x0000000124a6c800 JavaThread "http-nio-8081-exec-8" daemon [_thread_blocked, id=58119, stack(0x0000000171898000,0x0000000171a9b000)]
  0x0000000124a6d800 JavaThread "http-nio-8081-exec-9" daemon [_thread_blocked, id=64519, stack(0x0000000171aa4000,0x0000000171ca7000)]
  0x0000000126c81800 JavaThread "http-nio-8081-exec-10" daemon [_thread_blocked, id=49927, stack(0x0000000171cb0000,0x0000000171eb3000)]
  0x0000000124a78800 JavaThread "http-nio-8081-Poller" daemon [_thread_in_native, id=26379, stack(0x0000000171ebc000,0x00000001720bf000)]
  0x0000000124a79800 JavaThread "http-nio-8081-Acceptor" daemon [_thread_in_native, id=40711, stack(0x00000001720c8000,0x00000001722cb000)]
  0x0000000126821000 JavaThread "RMI TCP Connection(33)-127.0.0.1" daemon [_thread_in_native, id=43275, stack(0x00000001726ec000,0x00000001728ef000)]

Other Threads:
=>0x0000000128025000 VMThread "VM Thread" [stack: 0x000000016bb64000,0x000000016bd67000] [id=16643]
  0x00000001284b0000 WatcherThread [stack: 0x000000016d924000,0x000000016db27000] [id=25347]
  0x0000000126824000 GCTaskThread "GC Thread#0" [stack: 0x000000016b128000,0x000000016b32b000] [id=11011]
  0x0000000107c0d000 GCTaskThread "GC Thread#1" [stack: 0x000000016db30000,0x000000016dd33000] [id=27395]
  0x0000000107c0e000 GCTaskThread "GC Thread#2" [stack: 0x000000016dd3c000,0x000000016df3f000] [id=27139]
  0x0000000128548800 GCTaskThread "GC Thread#3" [stack: 0x000000016e56c000,0x000000016e76f000] [id=33539]
  0x0000000128549000 GCTaskThread "GC Thread#4" [stack: 0x000000016e778000,0x000000016e97b000] [id=42755]
  0x000000012854a000 GCTaskThread "GC Thread#5" [stack: 0x000000016e984000,0x000000016eb87000] [id=33795]
  0x0000000107c71800 GCTaskThread "GC Thread#6" [stack: 0x000000016efa8000,0x000000016f1ab000] [id=41987]
  0x0000000107c69000 GCTaskThread "GC Thread#7" [stack: 0x000000016f1b4000,0x000000016f3b7000] [id=35331]
  0x0000000126852000 ConcurrentGCThread "G1 Main Marker" [stack: 0x000000016b334000,0x000000016b537000] [id=14339]
  0x0000000126852800 ConcurrentGCThread "G1 Conc#0" [stack: 0x000000016b540000,0x000000016b743000] [id=11779]
  0x0000000107c4f800 ConcurrentGCThread "G1 Conc#1" [stack: 0x000000016eb90000,0x000000016ed93000] [id=34051]
  0x00000001268b3800 ConcurrentGCThread "G1 Refine#0" [stack: 0x000000016b74c000,0x000000016b94f000] [id=12035]
  0x00000001269ba000 ConcurrentGCThread "G1 Refine#1" [stack: 0x000000016df48000,0x000000016e14b000] [id=26883]
  0x00000001268b4000 ConcurrentGCThread "G1 Young RemSet Sampling" [stack: 0x000000016b958000,0x000000016bb5b000] [id=13315]

Threads with active compile tasks:

VM state:at safepoint (normal execution)

VM Mutex/Monitor currently owned by a thread:  ([mutex/lock_event])
[0x0000600002da0400] Threads_lock - owner thread: 0x0000000128025000

Heap address: 0x0000000740000000, size: 2048 MB, Compressed Oops mode: Zero based, Oop shift amount: 3
Narrow klass base: 0x0000000800000000, Narrow klass shift: 0
Compressed class space size: 1073741824 Address: 0x0000000800000000

Heap:
 garbage-first heap   total 130048K, used 49657K [0x0000000740000000, 0x00000007c0000000)
  region size 1024K, 12 young (12288K), 5 survivors (5120K)
 Metaspace       used 82179K, capacity 85024K, committed 85456K, reserved 1122304K
  class space    used 10594K, capacity 11766K, committed 11904K, reserved 1048576K
Heap Regions: E=young(eden), S=young(survivor), O=old, HS=humongous(starts), HC=humongous(continues), CS=collection set, F=free, A=archive, TAMS=top-at-mark-start (previous, next)
|   0|0x0000000740000000, 0x0000000740100000, 0x0000000740100000|100%|HS|  |TAMS 0x0000000740000000, 0x0000000740000000| Untracked 
|   1|0x0000000740100000, 0x00000007401fdb80, 0x0000000740200000| 99%| O|  |TAMS 0x0000000740100000, 0x0000000740100000| Untracked 
|   2|0x0000000740200000, 0x00000007402ffff0, 0x0000000740300000| 99%| O|  |TAMS 0x0000000740200000, 0x0000000740200000| Untracked 
|   3|0x0000000740300000, 0x00000007403fffb8, 0x0000000740400000| 99%| O|  |TAMS 0x0000000740300000, 0x0000000740300000| Untracked 
|   4|0x0000000740400000, 0x00000007404ffff8, 0x0000000740500000| 99%| O|  |TAMS 0x0000000740400000, 0x0000000740400000| Untracked 
|   5|0x0000000740500000, 0x00000007405ffff8, 0x0000000740600000| 99%| O|  |TAMS 0x0000000740500000, 0x0000000740500000| Untracked 
|   6|0x0000000740600000, 0x00000007406fffe0, 0x0000000740700000| 99%| O|  |TAMS 0x0000000740600000, 0x0000000740600000| Untracked 
|   7|0x0000000740700000, 0x00000007407fffd8, 0x0000000740800000| 99%| O|  |TAMS 0x0000000740700000, 0x0000000740700000| Untracked 
|   8|0x0000000740800000, 0x00000007408ffff8, 0x0000000740900000| 99%| O|  |TAMS 0x0000000740800000, 0x0000000740800000| Untracked 
|   9|0x0000000740900000, 0x00000007409fffe8, 0x0000000740a00000| 99%| O|  |TAMS 0x0000000740900000, 0x0000000740900000| Untracked 
|  10|0x0000000740a00000, 0x0000000740afffa8, 0x0000000740b00000| 99%| O|  |TAMS 0x0000000740a00000, 0x0000000740a00000| Untracked 
|  11|0x0000000740b00000, 0x0000000740bfffd0, 0x0000000740c00000| 99%| O|  |TAMS 0x0000000740b00000, 0x0000000740b00000| Untracked 
|  12|0x0000000740c00000, 0x0000000740d00000, 0x0000000740d00000|100%| O|  |TAMS 0x0000000740c00000, 0x0000000740c00000| Untracked 
|  13|0x0000000740d00000, 0x0000000740dffff0, 0x0000000740e00000| 99%| O|  |TAMS 0x0000000740d00000, 0x0000000740d00000| Untracked 
|  14|0x0000000740e00000, 0x0000000740f00000, 0x0000000740f00000|100%| O|  |TAMS 0x0000000740e00000, 0x0000000740e00000| Untracked 
|  15|0x0000000740f00000, 0x0000000740fffff8, 0x0000000741000000| 99%| O|  |TAMS 0x0000000740f00000, 0x0000000740f00000| Untracked 
|  16|0x0000000741000000, 0x00000007410fffe0, 0x0000000741100000| 99%| O|  |TAMS 0x0000000741000000, 0x0000000741000000| Untracked 
|  17|0x0000000741100000, 0x0000000741200000, 0x0000000741200000|100%| O|  |TAMS 0x0000000741100000, 0x0000000741100000| Untracked 
|  18|0x0000000741200000, 0x00000007412fffd0, 0x0000000741300000| 99%| O|  |TAMS 0x0000000741200000, 0x0000000741200000| Untracked 
|  19|0x0000000741300000, 0x00000007413fffe8, 0x0000000741400000| 99%| O|  |TAMS 0x0000000741300000, 0x0000000741300000| Untracked 
|  20|0x0000000741400000, 0x000000074148a980, 0x0000000741500000| 54%| O|  |TAMS 0x0000000741400000, 0x0000000741400000| Untracked 
|  21|0x0000000741500000, 0x00000007415ffff0, 0x0000000741600000| 99%| O|  |TAMS 0x0000000741500000, 0x0000000741500000| Untracked 
|  22|0x0000000741600000, 0x00000007416ffff8, 0x0000000741700000| 99%| O|  |TAMS 0x0000000741600000, 0x0000000741600000| Untracked 
|  23|0x0000000741700000, 0x00000007417fffe0, 0x0000000741800000| 99%| O|  |TAMS 0x0000000741700000, 0x0000000741700000| Untracked 
|  24|0x0000000741800000, 0x00000007418fffe0, 0x0000000741900000| 99%| O|  |TAMS 0x0000000741800000, 0x0000000741800000| Untracked 
|  25|0x0000000741900000, 0x00000007419f6968, 0x0000000741a00000| 96%| O|  |TAMS 0x0000000741900000, 0x0000000741900000| Untracked 
|  26|0x0000000741a00000, 0x0000000741affff0, 0x0000000741b00000| 99%| O|  |TAMS 0x0000000741a00000, 0x0000000741a00000| Untracked 
|  27|0x0000000741b00000, 0x0000000741bffff0, 0x0000000741c00000| 99%| O|  |TAMS 0x0000000741b00000, 0x0000000741b00000| Untracked 
|  28|0x0000000741c00000, 0x0000000741cfffb8, 0x0000000741d00000| 99%| O|  |TAMS 0x0000000741c00000, 0x0000000741c00000| Untracked 
|  29|0x0000000741d00000, 0x0000000741d31da0, 0x0000000741e00000| 19%| O|  |TAMS 0x0000000741d00000, 0x0000000741d00000| Untracked 
|  30|0x0000000741e00000, 0x0000000741f00000, 0x0000000741f00000|100%| O|  |TAMS 0x0000000741e00000, 0x0000000741e00000| Untracked 
|  31|0x0000000741f00000, 0x0000000742000000, 0x0000000742000000|100%| O|  |TAMS 0x0000000741f00000, 0x0000000741f00000| Untracked 
|  32|0x0000000742000000, 0x00000007420fffe0, 0x0000000742100000| 99%| O|  |TAMS 0x0000000742000000, 0x0000000742000000| Untracked 
|  33|0x0000000742100000, 0x00000007421fffa0, 0x0000000742200000| 99%| O|  |TAMS 0x0000000742100000, 0x0000000742100000| Untracked 
|  34|0x0000000742200000, 0x00000007422ffff0, 0x0000000742300000| 99%| O|  |TAMS 0x0000000742200000, 0x0000000742200000| Untracked 
|  35|0x0000000742300000, 0x00000007423ffff8, 0x0000000742400000| 99%| O|  |TAMS 0x0000000742300000, 0x0000000742300000| Untracked 
|  36|0x0000000742400000, 0x0000000742457200, 0x0000000742500000| 34%| O|  |TAMS 0x0000000742400000, 0x0000000742400000| Untracked 
|  37|0x0000000742500000, 0x0000000742500000, 0x0000000742600000|  0%| F|  |TAMS 0x0000000742500000, 0x0000000742500000| Untracked 
|  38|0x0000000742600000, 0x0000000742600000, 0x0000000742700000|  0%| F|  |TAMS 0x0000000742600000, 0x0000000742600000| Untracked 
|  39|0x0000000742700000, 0x0000000742700000, 0x0000000742800000|  0%| F|  |TAMS 0x0000000742700000, 0x0000000742700000| Untracked 
|  40|0x0000000742800000, 0x0000000742800000, 0x0000000742900000|  0%| F|  |TAMS 0x0000000742800000, 0x0000000742800000| Untracked 
|  41|0x0000000742900000, 0x0000000742900000, 0x0000000742a00000|  0%| F|  |TAMS 0x0000000742900000, 0x0000000742900000| Untracked 
|  42|0x0000000742a00000, 0x0000000742a00000, 0x0000000742b00000|  0%| F|  |TAMS 0x0000000742a00000, 0x0000000742a00000| Untracked 
|  43|0x0000000742b00000, 0x0000000742b00000, 0x0000000742c00000|  0%| F|  |TAMS 0x0000000742b00000, 0x0000000742b00000| Untracked 
|  44|0x0000000742c00000, 0x0000000742c00000, 0x0000000742d00000|  0%| F|  |TAMS 0x0000000742c00000, 0x0000000742c00000| Untracked 
|  45|0x0000000742d00000, 0x0000000742d00000, 0x0000000742e00000|  0%| F|  |TAMS 0x0000000742d00000, 0x0000000742d00000| Untracked 
|  46|0x0000000742e00000, 0x0000000742e00000, 0x0000000742f00000|  0%| F|  |TAMS 0x0000000742e00000, 0x0000000742e00000| Untracked 
|  47|0x0000000742f00000, 0x0000000742f00000, 0x0000000743000000|  0%| F|  |TAMS 0x0000000742f00000, 0x0000000742f00000| Untracked 
|  48|0x0000000743000000, 0x0000000743000000, 0x0000000743100000|  0%| F|  |TAMS 0x0000000743000000, 0x0000000743000000| Untracked 
|  49|0x0000000743100000, 0x0000000743100000, 0x0000000743200000|  0%| F|  |TAMS 0x0000000743100000, 0x0000000743100000| Untracked 
|  50|0x0000000743200000, 0x0000000743200000, 0x0000000743300000|  0%| F|  |TAMS 0x0000000743200000, 0x0000000743200000| Untracked 
|  51|0x0000000743300000, 0x0000000743300000, 0x0000000743400000|  0%| F|  |TAMS 0x0000000743300000, 0x0000000743300000| Untracked 
|  52|0x0000000743400000, 0x0000000743400000, 0x0000000743500000|  0%| F|  |TAMS 0x0000000743400000, 0x0000000743400000| Untracked 
|  53|0x0000000743500000, 0x0000000743500000, 0x0000000743600000|  0%| F|  |TAMS 0x0000000743500000, 0x0000000743500000| Untracked 
|  54|0x0000000743600000, 0x0000000743600000, 0x0000000743700000|  0%| F|  |TAMS 0x0000000743600000, 0x0000000743600000| Untracked 
|  55|0x0000000743700000, 0x0000000743700000, 0x0000000743800000|  0%| F|  |TAMS 0x0000000743700000, 0x0000000743700000| Untracked 
|  56|0x0000000743800000, 0x00000007438337e0, 0x0000000743900000| 20%| S|CS|TAMS 0x0000000743800000, 0x0000000743800000| Complete 
|  57|0x0000000743900000, 0x0000000743a00000, 0x0000000743a00000|100%| S|CS|TAMS 0x0000000743900000, 0x0000000743900000| Complete 
|  58|0x0000000743a00000, 0x0000000743b00000, 0x0000000743b00000|100%| S|CS|TAMS 0x0000000743a00000, 0x0000000743a00000| Complete 
|  59|0x0000000743b00000, 0x0000000743b00000, 0x0000000743c00000|  0%| F|  |TAMS 0x0000000743b00000, 0x0000000743b00000| Untracked 
|  60|0x0000000743c00000, 0x0000000743d00000, 0x0000000743d00000|100%| S|CS|TAMS 0x0000000743c00000, 0x0000000743c00000| Complete 
|  61|0x0000000743d00000, 0x0000000743e00000, 0x0000000743e00000|100%| S|CS|TAMS 0x0000000743d00000, 0x0000000743d00000| Complete 
|  62|0x0000000743e00000, 0x0000000743e00000, 0x0000000743f00000|  0%| F|  |TAMS 0x0000000743e00000, 0x0000000743e00000| Untracked 
|  63|0x0000000743f00000, 0x0000000743f00000, 0x0000000744000000|  0%| F|  |TAMS 0x0000000743f00000, 0x0000000743f00000| Untracked 
|  64|0x0000000744000000, 0x0000000744000000, 0x0000000744100000|  0%| F|  |TAMS 0x0000000744000000, 0x0000000744000000| Untracked 
|  65|0x0000000744100000, 0x0000000744100000, 0x0000000744200000|  0%| F|  |TAMS 0x0000000744100000, 0x0000000744100000| Untracked 
|  66|0x0000000744200000, 0x0000000744200000, 0x0000000744300000|  0%| F|  |TAMS 0x0000000744200000, 0x0000000744200000| Untracked 
|  67|0x0000000744300000, 0x0000000744300000, 0x0000000744400000|  0%| F|  |TAMS 0x0000000744300000, 0x0000000744300000| Untracked 
|  68|0x0000000744400000, 0x0000000744400000, 0x0000000744500000|  0%| F|  |TAMS 0x0000000744400000, 0x0000000744400000| Untracked 
|  69|0x0000000744500000, 0x0000000744500000, 0x0000000744600000|  0%| F|  |TAMS 0x0000000744500000, 0x0000000744500000| Untracked 
|  70|0x0000000744600000, 0x0000000744600000, 0x0000000744700000|  0%| F|  |TAMS 0x0000000744600000, 0x0000000744600000| Untracked 
|  71|0x0000000744700000, 0x0000000744700000, 0x0000000744800000|  0%| F|  |TAMS 0x0000000744700000, 0x0000000744700000| Untracked 
|  72|0x0000000744800000, 0x0000000744800000, 0x0000000744900000|  0%| F|  |TAMS 0x0000000744800000, 0x0000000744800000| Untracked 
|  73|0x0000000744900000, 0x0000000744900000, 0x0000000744a00000|  0%| F|  |TAMS 0x0000000744900000, 0x0000000744900000| Untracked 
|  74|0x0000000744a00000, 0x0000000744a00000, 0x0000000744b00000|  0%| F|  |TAMS 0x0000000744a00000, 0x0000000744a00000| Untracked 
|  75|0x0000000744b00000, 0x0000000744b00000, 0x0000000744c00000|  0%| F|  |TAMS 0x0000000744b00000, 0x0000000744b00000| Untracked 
|  76|0x0000000744c00000, 0x0000000744c00000, 0x0000000744d00000|  0%| F|  |TAMS 0x0000000744c00000, 0x0000000744c00000| Untracked 
|  77|0x0000000744d00000, 0x0000000744d00000, 0x0000000744e00000|  0%| F|  |TAMS 0x0000000744d00000, 0x0000000744d00000| Untracked 
|  78|0x0000000744e00000, 0x0000000744e00000, 0x0000000744f00000|  0%| F|  |TAMS 0x0000000744e00000, 0x0000000744e00000| Untracked 
|  79|0x0000000744f00000, 0x0000000744f00000, 0x0000000745000000|  0%| F|  |TAMS 0x0000000744f00000, 0x0000000744f00000| Untracked 
|  80|0x0000000745000000, 0x0000000745000000, 0x0000000745100000|  0%| F|  |TAMS 0x0000000745000000, 0x0000000745000000| Untracked 
|  81|0x0000000745100000, 0x0000000745100000, 0x0000000745200000|  0%| F|  |TAMS 0x0000000745100000, 0x0000000745100000| Untracked 
|  82|0x0000000745200000, 0x0000000745200000, 0x0000000745300000|  0%| F|  |TAMS 0x0000000745200000, 0x0000000745200000| Untracked 
|  83|0x0000000745300000, 0x0000000745300000, 0x0000000745400000|  0%| F|  |TAMS 0x0000000745300000, 0x0000000745300000| Untracked 
|  84|0x0000000745400000, 0x0000000745400000, 0x0000000745500000|  0%| F|  |TAMS 0x0000000745400000, 0x0000000745400000| Untracked 
|  85|0x0000000745500000, 0x0000000745500000, 0x0000000745600000|  0%| F|  |TAMS 0x0000000745500000, 0x0000000745500000| Untracked 
|  86|0x0000000745600000, 0x0000000745600000, 0x0000000745700000|  0%| F|  |TAMS 0x0000000745600000, 0x0000000745600000| Untracked 
|  87|0x0000000745700000, 0x0000000745700000, 0x0000000745800000|  0%| F|  |TAMS 0x0000000745700000, 0x0000000745700000| Untracked 
|  88|0x0000000745800000, 0x0000000745800000, 0x0000000745900000|  0%| F|  |TAMS 0x0000000745800000, 0x0000000745800000| Untracked 
|  89|0x0000000745900000, 0x0000000745900000, 0x0000000745a00000|  0%| F|  |TAMS 0x0000000745900000, 0x0000000745900000| Untracked 
|  90|0x0000000745a00000, 0x0000000745aafc70, 0x0000000745b00000| 68%| O|  |TAMS 0x0000000745a00000, 0x0000000745a00000| Untracked 
|  91|0x0000000745b00000, 0x0000000745bfb958, 0x0000000745c00000| 98%| O|  |TAMS 0x0000000745b00000, 0x0000000745b00000| Untracked 
|  92|0x0000000745c00000, 0x0000000745cbedd8, 0x0000000745d00000| 74%| O|  |TAMS 0x0000000745c00000, 0x0000000745c00000| Untracked 
|  93|0x0000000745d00000, 0x0000000745d00000, 0x0000000745e00000|  0%| F|  |TAMS 0x0000000745d00000, 0x0000000745d00000| Untracked 
|  94|0x0000000745e00000, 0x0000000745e00000, 0x0000000745f00000|  0%| F|  |TAMS 0x0000000745e00000, 0x0000000745e00000| Untracked 
|  95|0x0000000745f00000, 0x0000000745fd8fb0, 0x0000000746000000| 84%| O|  |TAMS 0x0000000745f00000, 0x0000000745f00000| Untracked 
|  96|0x0000000746000000, 0x0000000746000000, 0x0000000746100000|  0%| F|  |TAMS 0x0000000746000000, 0x0000000746000000| Untracked 
|  97|0x0000000746100000, 0x0000000746100000, 0x0000000746200000|  0%| F|  |TAMS 0x0000000746100000, 0x0000000746100000| Untracked 
|  98|0x0000000746200000, 0x0000000746200000, 0x0000000746300000|  0%| F|  |TAMS 0x0000000746200000, 0x0000000746200000| Untracked 
|  99|0x0000000746300000, 0x0000000746300000, 0x0000000746400000|  0%| F|  |TAMS 0x0000000746300000, 0x0000000746300000| Untracked 
| 100|0x0000000746400000, 0x0000000746400000, 0x0000000746500000|  0%| F|  |TAMS 0x0000000746400000, 0x0000000746400000| Untracked 
| 101|0x0000000746500000, 0x0000000746500000, 0x0000000746600000|  0%| F|  |TAMS 0x0000000746500000, 0x0000000746500000| Untracked 
| 102|0x0000000746600000, 0x0000000746600000, 0x0000000746700000|  0%| F|  |TAMS 0x0000000746600000, 0x0000000746600000| Untracked 
| 103|0x0000000746700000, 0x0000000746700000, 0x0000000746800000|  0%| F|  |TAMS 0x0000000746700000, 0x0000000746700000| Untracked 
| 104|0x0000000746800000, 0x0000000746800000, 0x0000000746900000|  0%| F|  |TAMS 0x0000000746800000, 0x0000000746800000| Untracked 
| 105|0x0000000746900000, 0x0000000746900000, 0x0000000746a00000|  0%| F|  |TAMS 0x0000000746900000, 0x0000000746900000| Untracked 
| 106|0x0000000746a00000, 0x0000000746a00000, 0x0000000746b00000|  0%| F|  |TAMS 0x0000000746a00000, 0x0000000746a00000| Untracked 
| 107|0x0000000746b00000, 0x0000000746b00000, 0x0000000746c00000|  0%| F|  |TAMS 0x0000000746b00000, 0x0000000746b00000| Untracked 
| 108|0x0000000746c00000, 0x0000000746c00000, 0x0000000746d00000|  0%| F|  |TAMS 0x0000000746c00000, 0x0000000746c00000| Untracked 
| 109|0x0000000746d00000, 0x0000000746d00000, 0x0000000746e00000|  0%| F|  |TAMS 0x0000000746d00000, 0x0000000746d00000| Untracked 
| 110|0x0000000746e00000, 0x0000000746e00000, 0x0000000746f00000|  0%| F|  |TAMS 0x0000000746e00000, 0x0000000746e00000| Untracked 
| 111|0x0000000746f00000, 0x0000000746f00000, 0x0000000747000000|  0%| F|  |TAMS 0x0000000746f00000, 0x0000000746f00000| Untracked 
| 112|0x0000000747000000, 0x0000000747000000, 0x0000000747100000|  0%| F|  |TAMS 0x0000000747000000, 0x0000000747000000| Untracked 
| 113|0x0000000747100000, 0x0000000747100000, 0x0000000747200000|  0%| F|  |TAMS 0x0000000747100000, 0x0000000747100000| Untracked 
| 114|0x0000000747200000, 0x0000000747200000, 0x0000000747300000|  0%| F|  |TAMS 0x0000000747200000, 0x0000000747200000| Untracked 
| 115|0x0000000747300000, 0x0000000747300000, 0x0000000747400000|  0%| F|  |TAMS 0x0000000747300000, 0x0000000747300000| Untracked 
| 116|0x0000000747400000, 0x0000000747400000, 0x0000000747500000|  0%| F|  |TAMS 0x0000000747400000, 0x0000000747400000| Untracked 
| 117|0x0000000747500000, 0x0000000747500000, 0x0000000747600000|  0%| F|  |TAMS 0x0000000747500000, 0x0000000747500000| Untracked 
| 118|0x0000000747600000, 0x0000000747600000, 0x0000000747700000|  0%| F|  |TAMS 0x0000000747600000, 0x0000000747600000| Untracked 
| 119|0x0000000747700000, 0x0000000747700000, 0x0000000747800000|  0%| F|  |TAMS 0x0000000747700000, 0x0000000747700000| Untracked 
| 120|0x0000000747800000, 0x0000000747900000, 0x0000000747900000|100%| E|  |TAMS 0x0000000747800000, 0x0000000747800000| Complete 
| 121|0x0000000747900000, 0x0000000747a00000, 0x0000000747a00000|100%| E|CS|TAMS 0x0000000747900000, 0x0000000747900000| Complete 
| 122|0x0000000747a00000, 0x0000000747b00000, 0x0000000747b00000|100%| E|CS|TAMS 0x0000000747a00000, 0x0000000747a00000| Complete 
| 123|0x0000000747b00000, 0x0000000747c00000, 0x0000000747c00000|100%| E|CS|TAMS 0x0000000747b00000, 0x0000000747b00000| Complete 
| 124|0x0000000747c00000, 0x0000000747d00000, 0x0000000747d00000|100%| E|CS|TAMS 0x0000000747c00000, 0x0000000747c00000| Complete 
| 125|0x0000000747d00000, 0x0000000747e00000, 0x0000000747e00000|100%| E|CS|TAMS 0x0000000747d00000, 0x0000000747d00000| Complete 
| 126|0x0000000747e00000, 0x0000000747f00000, 0x0000000747f00000|100%| E|CS|TAMS 0x0000000747e00000, 0x0000000747e00000| Complete 

Card table byte_map: [0x0000000105894000,0x0000000105c94000] _byte_map_base: 0x0000000101e94000

Marking Bits (Prev, Next): (CMBitMap*) 0x000000012681ca50, (CMBitMap*) 0x000000012681ca18
 Prev Bits: [0x0000000112000000, 0x0000000114000000)
 Next Bits: [0x0000000110000000, 0x0000000112000000)

Polling page: 0x0000000104f88000

Metaspace:

Usage:
  Non-class:     71.54 MB capacity,    69.91 MB ( 98%) used,     1.32 MB (  2%) free+waste,   317.88 KB ( <1%) overhead. 
      Class:     11.49 MB capacity,    10.35 MB ( 90%) used,  1011.12 KB (  9%) free+waste,   160.00 KB (  1%) overhead. 
       Both:     83.03 MB capacity,    80.25 MB ( 97%) used,     2.31 MB (  3%) free+waste,   477.88 KB ( <1%) overhead. 

Virtual space:
  Non-class space:       72.00 MB reserved,      71.83 MB (>99%) committed 
      Class space:        1.00 GB reserved,      11.62 MB (  1%) committed 
             Both:        1.07 GB reserved,      83.45 MB (  8%) committed 

Chunk freelists:
   Non-Class:  102.00 KB
       Class:  42.00 KB
        Both:  144.00 KB

MaxMetaspaceSize: unlimited
CompressedClassSpaceSize: 1.00 GB
Initial GC threshold: 20.80 MB
Current GC threshold: 137.22 MB
CDS: off

CodeHeap 'non-profiled nmethods': size=238384Kb used=19176Kb max_used=19176Kb free=219207Kb
 bounds [0x00000001315f4000, 0x00000001328b4000, 0x000000013fec0000]
CodeHeap 'non-nmethods': size=7376Kb used=1962Kb max_used=1962Kb free=5413Kb
 bounds [0x0000000130ec0000, 0x0000000131130000, 0x00000001315f4000]
 total_blobs=10359 nmethods=9454 adapters=843
 compilation: enabled
              stopped_count=0, restarted_count=0
 full_count=0

Compilation events (20 events):
Event: 894.961 Thread 0x0000000128030000 9721       1       java.util.concurrent.locks.AbstractQueuedSynchronizer$ConditionObject::awaitNanos (181 bytes)
Event: 894.965 Thread 0x0000000128030000 nmethod 9721 0x00000001328a7b10 code [0x00000001328a7e80, 0x00000001328a8b70]
Event: 923.325 Thread 0x0000000128030000 9722       1       java.util.concurrent.locks.AbstractQueuedSynchronizer$ConditionObject::await (98 bytes)
Event: 923.329 Thread 0x0000000128030000 nmethod 9722 0x00000001328a9510 code [0x00000001328a97c0, 0x00000001328aa090]
Event: 961.163 Thread 0x0000000128030000 9723       1       java.lang.Module::<init> (25 bytes)
Event: 961.164 Thread 0x0000000128030000 nmethod 9723 0x00000001328aa690 code [0x00000001328aa840, 0x00000001328aaa50]
Event: 1065.038 Thread 0x0000000128030000 9724       1       org.apache.catalina.core.StandardContext::getInstanceManager (5 bytes)
Event: 1065.039 Thread 0x0000000128030000 nmethod 9724 0x00000001328aab10 code [0x00000001328aacc0, 0x00000001328aae10]
Event: 1125.342 Thread 0x0000000128030000 9725       1       java.io.ObjectStreamClass::classNamesEqual (59 bytes)
Event: 1125.343 Thread 0x0000000128030000 nmethod 9725 0x00000001328aae90 code [0x00000001328ab080, 0x00000001328ab400]
Event: 1125.343 Thread 0x0000000128030000 9727       1       java.io.ObjectOutputStream::writeShort (9 bytes)
Event: 1125.343 Thread 0x0000000128030000 nmethod 9727 0x00000001328ab710 code [0x00000001328ab8c0, 0x00000001328aba40]
Event: 1125.343 Thread 0x0000000128030000 9726  s    1       sun.rmi.server.LoaderHandler::getDefaultCodebaseURLs (35 bytes)
Event: 1125.344 Thread 0x0000000128030000 nmethod 9726 0x00000001328abb10 code [0x00000001328abd00, 0x00000001328ac200]
Event: 1234.820 Thread 0x0000000128030000 9728   !   1       com.mysql.cj.jdbc.AbandonedConnectionCleanupThread::checkThreadContextClassLoader (20 bytes)
Event: 1234.823 Thread 0x0000000128030000 nmethod 9728 0x00000001328ac310 code [0x00000001328ac540, 0x00000001328ac990]
Event: 1249.327 Thread 0x0000000128030000 9729   !   1       java.util.concurrent.locks.AbstractQueuedSynchronizer::doAcquireInterruptibly (74 bytes)
Event: 1249.329 Thread 0x0000000128030000 nmethod 9729 0x00000001328ace10 code [0x00000001328ad080, 0x00000001328ad7d0]
Event: 1261.212 Thread 0x0000000128030000 9730       1       java.lang.invoke.DirectMethodHandle$Holder::invokeStatic (15 bytes)
Event: 1261.213 Thread 0x0000000128030000 nmethod 9730 0x00000001328adc90 code [0x00000001328ade40, 0x00000001328ae010]

GC Heap History (20 events):
Event: 3.087 GC heap before
{Heap before GC invocations=14 (full 0):
 garbage-first heap   total 207872K, used 139801K [0x0000000740000000, 0x00000007c0000000)
  region size 1024K, 121 young (123904K), 10 survivors (10240K)
 Metaspace       used 64041K, capacity 65766K, committed 66000K, reserved 1105920K
  class space    used 8297K, capacity 8979K, committed 9088K, reserved 1048576K
}
Event: 3.090 GC heap after
{Heap after GC invocations=15 (full 0):
 garbage-first heap   total 207872K, used 28646K [0x0000000740000000, 0x00000007c0000000)
  region size 1024K, 10 young (10240K), 10 survivors (10240K)
 Metaspace       used 64041K, capacity 65766K, committed 66000K, reserved 1105920K
  class space    used 8297K, capacity 8979K, committed 9088K, reserved 1048576K
}
Event: 3.523 GC heap before
{Heap before GC invocations=15 (full 0):
 garbage-first heap   total 207872K, used 141286K [0x0000000740000000, 0x00000007c0000000)
  region size 1024K, 121 young (123904K), 10 survivors (10240K)
 Metaspace       used 68041K, capacity 69904K, committed 70096K, reserved 1110016K
  class space    used 8815K, capacity 9544K, committed 9600K, reserved 1048576K
}
Event: 3.531 GC heap after
{Heap after GC invocations=16 (full 0):
 garbage-first heap   total 207872K, used 33653K [0x0000000740000000, 0x00000007c0000000)
  region size 1024K, 12 young (12288K), 12 survivors (12288K)
 Metaspace       used 68041K, capacity 69904K, committed 70096K, reserved 1110016K
  class space    used 8815K, capacity 9544K, committed 9600K, reserved 1048576K
}
Event: 4.749 GC heap before
{Heap before GC invocations=16 (full 0):
 garbage-first heap   total 207872K, used 155509K [0x0000000740000000, 0x00000007c0000000)
  region size 1024K, 121 young (123904K), 12 survivors (12288K)
 Metaspace       used 74910K, capacity 76995K, committed 77136K, reserved 1116160K
  class space    used 9600K, capacity 10416K, committed 10496K, reserved 1048576K
}
Event: 4.755 GC heap after
{Heap after GC invocations=17 (full 0):
 garbage-first heap   total 249856K, used 37630K [0x0000000740000000, 0x00000007c0000000)
  region size 1024K, 12 young (12288K), 12 survivors (12288K)
 Metaspace       used 74910K, capacity 76995K, committed 77136K, reserved 1116160K
  class space    used 9600K, capacity 10416K, committed 10496K, reserved 1048576K
}
Event: 39.798 GC heap before
{Heap before GC invocations=17 (full 0):
 garbage-first heap   total 249856K, used 173822K [0x0000000740000000, 0x00000007c0000000)
  region size 1024K, 146 young (149504K), 12 survivors (12288K)
 Metaspace       used 80714K, capacity 83397K, committed 83664K, reserved 1122304K
  class space    used 10452K, capacity 11584K, committed 11648K, reserved 1048576K
}
Event: 39.823 GC heap after
{Heap after GC invocations=18 (full 0):
 garbage-first heap   total 249856K, used 43289K [0x0000000740000000, 0x00000007c0000000)
  region size 1024K, 15 young (15360K), 15 survivors (15360K)
 Metaspace       used 80714K, capacity 83397K, committed 83664K, reserved 1122304K
  class space    used 10452K, capacity 11584K, committed 11648K, reserved 1048576K
}
Event: 678.214 GC heap before
{Heap before GC invocations=18 (full 0):
 garbage-first heap   total 249856K, used 176409K [0x0000000740000000, 0x00000007c0000000)
  region size 1024K, 146 young (149504K), 15 survivors (15360K)
 Metaspace       used 81132K, capacity 83958K, committed 84304K, reserved 1122304K
  class space    used 10513K, capacity 11677K, committed 11776K, reserved 1048576K
}
Event: 678.247 GC heap after
{Heap after GC invocations=19 (full 0):
 garbage-first heap   total 249856K, used 43719K [0x0000000740000000, 0x00000007c0000000)
  region size 1024K, 11 young (11264K), 11 survivors (11264K)
 Metaspace       used 81132K, capacity 83958K, committed 84304K, reserved 1122304K
  class space    used 10513K, capacity 11677K, committed 11776K, reserved 1048576K
}
Event: 824.446 GC heap before
{Heap before GC invocations=19 (full 0):
 garbage-first heap   total 249856K, used 75463K [0x0000000740000000, 0x00000007c0000000)
  region size 1024K, 43 young (44032K), 11 survivors (11264K)
 Metaspace       used 81327K, capacity 84179K, committed 84304K, reserved 1122304K
  class space    used 10544K, capacity 11730K, committed 11776K, reserved 1048576K
}
Event: 824.519 GC heap after
{Heap after GC invocations=20 (full 1):
 garbage-first heap   total 130048K, used 36815K [0x0000000740000000, 0x00000007c0000000)
  region size 1024K, 0 young (0K), 0 survivors (0K)
 Metaspace       used 81173K, capacity 83936K, committed 84304K, reserved 1122304K
  class space    used 10509K, capacity 11664K, committed 11776K, reserved 1048576K
}
Event: 824.964 GC heap before
{Heap before GC invocations=20 (full 1):
 garbage-first heap   total 130048K, used 106447K [0x0000000740000000, 0x00000007c0000000)
  region size 1024K, 68 young (69632K), 0 survivors (0K)
 Metaspace       used 81363K, capacity 84202K, committed 84560K, reserved 1122304K
  class space    used 10535K, capacity 11707K, committed 11776K, reserved 1048576K
}
Event: 824.967 GC heap after
{Heap after GC invocations=21 (full 1):
 garbage-first heap   total 130048K, used 40911K [0x0000000740000000, 0x00000007c0000000)
  region size 1024K, 4 young (4096K), 4 survivors (4096K)
 Metaspace       used 81363K, capacity 84202K, committed 84560K, reserved 1122304K
  class space    used 10535K, capacity 11707K, committed 11776K, reserved 1048576K
}
Event: 825.177 GC heap before
{Heap before GC invocations=21 (full 1):
 garbage-first heap   total 130048K, used 106447K [0x0000000740000000, 0x00000007c0000000)
  region size 1024K, 68 young (69632K), 4 survivors (4096K)
 Metaspace       used 82108K, capacity 84945K, committed 85200K, reserved 1122304K
  class space    used 10589K, capacity 11762K, committed 11904K, reserved 1048576K
}
Event: 825.180 GC heap after
{Heap after GC invocations=22 (full 1):
 garbage-first heap   total 130048K, used 42431K [0x0000000740000000, 0x00000007c0000000)
  region size 1024K, 6 young (6144K), 6 survivors (6144K)
 Metaspace       used 82108K, capacity 84945K, committed 85200K, reserved 1122304K
  class space    used 10589K, capacity 11762K, committed 11904K, reserved 1048576K
}
Event: 869.742 GC heap before
{Heap before GC invocations=22 (full 1):
 garbage-first heap   total 130048K, used 106943K [0x0000000740000000, 0x00000007c0000000)
  region size 1024K, 69 young (70656K), 6 survivors (6144K)
 Metaspace       used 82136K, capacity 84957K, committed 85200K, reserved 1122304K
  class space    used 10592K, capacity 11765K, committed 11904K, reserved 1048576K
}
Event: 869.807 GC heap after
{Heap after GC invocations=23 (full 1):
 garbage-first heap   total 130048K, used 43685K [0x0000000740000000, 0x00000007c0000000)
  region size 1024K, 5 young (5120K), 5 survivors (5120K)
 Metaspace       used 82136K, capacity 84957K, committed 85200K, reserved 1122304K
  class space    used 10592K, capacity 11765K, committed 11904K, reserved 1048576K
}
Event: 1227.075 GC heap before
{Heap before GC invocations=23 (full 1):
 garbage-first heap   total 130048K, used 106149K [0x0000000740000000, 0x00000007c0000000)
  region size 1024K, 66 young (67584K), 5 survivors (5120K)
 Metaspace       used 82138K, capacity 84960K, committed 85200K, reserved 1122304K
  class space    used 10593K, capacity 11766K, committed 11904K, reserved 1048576K
}
Event: 1227.086 GC heap after
{Heap after GC invocations=24 (full 1):
 garbage-first heap   total 130048K, used 43513K [0x0000000740000000, 0x00000007c0000000)
  region size 1024K, 5 young (5120K), 5 survivors (5120K)
 Metaspace       used 82138K, capacity 84960K, committed 85200K, reserved 1122304K
  class space    used 10593K, capacity 11766K, committed 11904K, reserved 1048576K
}

Deoptimization events (20 events):
Event: 825.315 Thread 0x0000000125883000 DEOPT PACKING pc=0x0000000131d7d85c sp=0x000000016e561670
Event: 825.315 Thread 0x0000000125883000 DEOPT UNPACKING pc=0x0000000130ef527c sp=0x000000016e561440 mode 1
Event: 825.315 Thread 0x0000000125883000 DEOPT PACKING pc=0x0000000131a54d2c sp=0x000000016e561590
Event: 825.315 Thread 0x0000000125883000 DEOPT UNPACKING pc=0x0000000130ef527c sp=0x000000016e5613b0 mode 1
Event: 825.315 Thread 0x0000000125883000 DEOPT PACKING pc=0x0000000131d7d85c sp=0x000000016e561670
Event: 825.315 Thread 0x0000000125883000 DEOPT UNPACKING pc=0x0000000130ef527c sp=0x000000016e561440 mode 1
Event: 825.316 Thread 0x0000000125883000 DEOPT PACKING pc=0x0000000131a54d2c sp=0x000000016e561590
Event: 825.316 Thread 0x0000000125883000 DEOPT UNPACKING pc=0x0000000130ef527c sp=0x000000016e5613b0 mode 1
Event: 825.316 Thread 0x0000000125883000 DEOPT PACKING pc=0x0000000131d7d85c sp=0x000000016e561670
Event: 825.316 Thread 0x0000000125883000 DEOPT UNPACKING pc=0x0000000130ef527c sp=0x000000016e561440 mode 1
Event: 825.319 Thread 0x0000000125883000 DEOPT PACKING pc=0x0000000132770514 sp=0x000000016e5614d0
Event: 825.319 Thread 0x0000000125883000 DEOPT UNPACKING pc=0x0000000130ef527c sp=0x000000016e5613a0 mode 1
Event: 825.320 Thread 0x0000000125883000 DEOPT PACKING pc=0x0000000132770514 sp=0x000000016e5614d0
Event: 825.320 Thread 0x0000000125883000 DEOPT UNPACKING pc=0x0000000130ef527c sp=0x000000016e5613a0 mode 1
Event: 825.327 Thread 0x0000000125883000 DEOPT PACKING pc=0x000000013202ce28 sp=0x000000016e5618e0
Event: 825.327 Thread 0x0000000125883000 DEOPT UNPACKING pc=0x0000000130ef527c sp=0x000000016e561710 mode 1
Event: 825.327 Thread 0x0000000125883000 DEOPT PACKING pc=0x000000013202ce28 sp=0x000000016e561860
Event: 825.327 Thread 0x0000000125883000 DEOPT UNPACKING pc=0x0000000130ef527c sp=0x000000016e561690 mode 1
Event: 825.327 Thread 0x0000000125883000 DEOPT PACKING pc=0x000000013202ce28 sp=0x000000016e5617e0
Event: 825.327 Thread 0x0000000125883000 DEOPT UNPACKING pc=0x0000000130ef527c sp=0x000000016e561610 mode 1

Classes redefined (3 events):
Event: 815.861 Thread 0x0000000128025000 redefined class name=com.various_functions.admin.controller.AccommodationController, count=1
Event: 1263.935 Thread 0x0000000128025000 redefined class name=com.various_functions.admin.controller.AccommodationController, count=1
Event: 1263.991 Thread 0x0000000128025000 redefined class name=com.various_functions.admin.controller.AccommodationController, count=2

Internal exceptions (20 events):
Event: 824.947 Thread 0x0000000125883000 Exception <a 'java/io/FileNotFoundException'{0x0000000743a4b7a8}> (0x0000000743a4b7a8) thrown at [src/hotspot/share/prims/jni.cpp, line 617]
Event: 824.948 Thread 0x0000000125883000 Exception <a 'java/io/FileNotFoundException'{0x0000000743a4caf8}> (0x0000000743a4caf8) thrown at [src/hotspot/share/prims/jni.cpp, line 617]
Event: 825.053 Thread 0x0000000125883000 Exception <a 'java/lang/ClassNotFoundException'{0x0000000747581878}: java/lang/ObjectCustomizer> (0x0000000747581878) thrown at [src/hotspot/share/classfile/systemDictionary.cpp, line 230]
Event: 825.053 Thread 0x0000000125883000 Exception <a 'java/lang/ClassNotFoundException'{0x000000074759ae90}: org/springframework/dao/support/DaoSupportCustomizer> (0x000000074759ae90) thrown at [src/hotspot/share/classfile/systemDictionary.cpp, line 230]
Event: 825.053 Thread 0x0000000125883000 Exception <a 'java/lang/ClassNotFoundException'{0x00000007475b35b8}: org/mybatis/spring/support/SqlSessionDaoSupportCustomizer> (0x00000007475b35b8) thrown at [src/hotspot/share/classfile/systemDictionary.cpp, line 230]
Event: 825.053 Thread 0x0000000125883000 Exception <a 'java/lang/ClassNotFoundException'{0x00000007475ce6b8}: org/mybatis/spring/mapper/MapperFactoryBeanCustomizer> (0x00000007475ce6b8) thrown at [src/hotspot/share/classfile/systemDictionary.cpp, line 230]
Event: 825.054 Thread 0x0000000125883000 Exception <a 'java/lang/ClassNotFoundException'{0x00000007475f1138}: org/springframework/beans/factory/FactoryBeanCustomizer> (0x00000007475f1138) thrown at [src/hotspot/share/classfile/systemDictionary.cpp, line 230]
Event: 825.054 Thread 0x0000000125883000 Exception <a 'java/lang/ClassNotFoundException'{0x000000074740ca18}: org/springframework/beans/factory/InitializingBeanCustomizer> (0x000000074740ca18) thrown at [src/hotspot/share/classfile/systemDictionary.cpp, line 230]
Event: 825.147 Thread 0x0000000125883000 Exception <a 'java/io/FileNotFoundException'{0x000000074437eda0}> (0x000000074437eda0) thrown at [src/hotspot/share/prims/jni.cpp, line 617]
Event: 825.147 Thread 0x0000000125883000 Exception <a 'java/io/FileNotFoundException'{0x000000074437f810}> (0x000000074437f810) thrown at [src/hotspot/share/prims/jni.cpp, line 617]
Event: 825.165 Thread 0x0000000125883000 Exception <a 'java/lang/ClassNotFoundException'{0x0000000743fbce20}: java/lang/ObjectCustomizer> (0x0000000743fbce20) thrown at [src/hotspot/share/classfile/systemDictionary.cpp, line 230]
Event: 825.165 Thread 0x0000000125883000 Exception <a 'java/lang/ClassNotFoundException'{0x0000000743fdbbf0}: org/springframework/web/servlet/config/annotation/WebMvcConfigurationSupportCustomizer> (0x0000000743fdbbf0) thrown at [src/hotspot/share/classfile/systemDictionary.cpp, line 230]
Event: 825.166 Thread 0x0000000125883000 Exception <a 'java/lang/ClassNotFoundException'{0x0000000743e073e0}: org/springframework/web/servlet/config/annotation/DelegatingWebMvcConfigurationCustomizer> (0x0000000743e073e0) thrown at [src/hotspot/share/classfile/systemDictionary.cpp, line 230]
Event: 825.166 Thread 0x0000000125883000 Exception <a 'java/lang/ClassNotFoundException'{0x0000000743e2aeb0}: org/springframework/boot/autoconfigure/web/servlet/WebMvcAutoConfiguration$EnableWebMvcConfigurationCustomizer> (0x0000000743e2aeb0) thrown at [src/hotspot/share/classfile/systemDictionary.cpp, line 230]
Event: 825.167 Thread 0x0000000125883000 Exception <a 'java/lang/ClassNotFoundException'{0x0000000743e4fe60}: org/springframework/context/ResourceLoaderAwareCustomizer> (0x0000000743e4fe60) thrown at [src/hotspot/share/classfile/systemDictionary.cpp, line 230]
Event: 825.167 Thread 0x0000000125883000 Exception <a 'java/lang/ClassNotFoundException'{0x0000000743e65ed8}: org/springframework/beans/factory/AwareCustomizer> (0x0000000743e65ed8) thrown at [src/hotspot/share/classfile/systemDictionary.cpp, line 230]
Event: 825.167 Thread 0x0000000125883000 Exception <a 'java/lang/ClassNotFoundException'{0x0000000743e7cfc0}: org/springframework/context/ApplicationContextAwareCustomizer> (0x0000000743e7cfc0) thrown at [src/hotspot/share/classfile/systemDictionary.cpp, line 230]
Event: 825.167 Thread 0x0000000125883000 Exception <a 'java/lang/ClassNotFoundException'{0x0000000743eaeeb0}: org/springframework/beans/factory/AwareCustomizer> (0x0000000743eaeeb0) thrown at [src/hotspot/share/classfile/systemDictionary.cpp, line 230]
Event: 825.167 Thread 0x0000000125883000 Exception <a 'java/lang/ClassNotFoundException'{0x0000000743ec5f70}: org/springframework/web/context/ServletContextAwareCustomizer> (0x0000000743ec5f70) thrown at [src/hotspot/share/classfile/systemDictionary.cpp, line 230]
Event: 825.168 Thread 0x0000000125883000 Exception <a 'java/lang/ClassNotFoundException'{0x0000000743edc020}: org/springframework/beans/factory/AwareCustomizer> (0x0000000743edc020) thrown at [src/hotspot/share/classfile/systemDictionary.cpp, line 230]

Events (20 events):
Event: 1264.201 Executing VM operation: GetOwnedMonitorInfo done
Event: 1264.201 Executing VM operation: GetCurrentContendedMonitor
Event: 1264.201 Executing VM operation: GetCurrentContendedMonitor done
Event: 1264.201 Executing VM operation: GetFrameCount
Event: 1264.201 Executing VM operation: GetFrameCount done
Event: 1264.201 Executing VM operation: GetOwnedMonitorInfo
Event: 1264.201 Executing VM operation: GetOwnedMonitorInfo done
Event: 1264.201 Executing VM operation: GetCurrentContendedMonitor
Event: 1264.201 Executing VM operation: GetCurrentContendedMonitor done
Event: 1264.202 Executing VM operation: GetOwnedMonitorInfo
Event: 1264.202 Executing VM operation: GetOwnedMonitorInfo done
Event: 1264.202 Executing VM operation: GetCurrentContendedMonitor
Event: 1264.202 Executing VM operation: GetCurrentContendedMonitor done
Event: 1264.203 Executing VM operation: GetCurrentContendedMonitor
Event: 1264.203 Executing VM operation: GetCurrentContendedMonitor done
Event: 1264.204 Executing VM operation: GetOwnedMonitorInfo
Event: 1264.204 Executing VM operation: GetOwnedMonitorInfo done
Event: 1264.259 Executing VM operation: GetFrameLocation
Event: 1264.259 Executing VM operation: GetFrameLocation done
Event: 1264.259 Executing VM operation: GetOrSetLocal


Dynamic libraries:
0x00000001053f0000 	/Library/Java/JavaVirtualMachines/temurin-11.jdk/Contents/Home/lib/jli/libjli.dylib
0x00000001a02c6000 	/System/Library/Frameworks/Cocoa.framework/Versions/A/Cocoa
0x0000000189e1b000 	/System/Library/Frameworks/AppKit.framework/Versions/C/AppKit
0x000000018ce63000 	/System/Library/Frameworks/CoreData.framework/Versions/A/CoreData
0x0000000187727000 	/System/Library/Frameworks/Foundation.framework/Versions/C/Foundation
0x0000000192e46000 	/usr/lib/libSystem.B.dylib
0x000000018b147000 	/System/Library/PrivateFrameworks/UIFoundation.framework/Versions/A/UIFoundation
0x00000001fd146000 	/System/Library/PrivateFrameworks/CollectionViewCore.framework/Versions/A/CollectionViewCore
0x0000000199ff3000 	/System/Library/PrivateFrameworks/RemoteViewServices.framework/Versions/A/RemoteViewServices
0x0000000190ee6000 	/System/Library/PrivateFrameworks/XCTTargetBootstrap.framework/Versions/A/XCTTargetBootstrap
0x0000000195431000 	/System/Library/PrivateFrameworks/InternationalSupport.framework/Versions/A/InternationalSupport
0x00000001954b9000 	/System/Library/PrivateFrameworks/UserActivity.framework/Versions/A/UserActivity
0x000000021f4af000 	/System/Library/PrivateFrameworks/WindowManagement.framework/Versions/A/WindowManagement
0x00000001873b0000 	/System/Library/Frameworks/SystemConfiguration.framework/Versions/A/SystemConfiguration
0x00000001948d2000 	/usr/lib/libspindump.dylib
0x000000018b2fc000 	/System/Library/Frameworks/UniformTypeIdentifiers.framework/Versions/A/UniformTypeIdentifiers
0x000000018ee39000 	/usr/lib/libapp_launch_measurement.dylib
0x000000018e24b000 	/System/Library/PrivateFrameworks/CoreAnalytics.framework/Versions/A/CoreAnalytics
0x000000018ee40000 	/System/Library/PrivateFrameworks/CoreAutoLayout.framework/Versions/A/CoreAutoLayout
0x0000000190710000 	/System/Library/Frameworks/Metal.framework/Versions/A/Metal
0x0000000191656000 	/usr/lib/liblangid.dylib
0x0000000190eec000 	/System/Library/PrivateFrameworks/CoreSVG.framework/Versions/A/CoreSVG
0x000000018bcb6000 	/System/Library/PrivateFrameworks/SkyLight.framework/Versions/A/SkyLight
0x000000018c14e000 	/System/Library/Frameworks/CoreGraphics.framework/Versions/A/CoreGraphics
0x000000019a73b000 	/System/Library/Frameworks/Accelerate.framework/Versions/A/Accelerate
0x0000000194730000 	/System/Library/PrivateFrameworks/IconServices.framework/Versions/A/IconServices
0x00000001906ee000 	/System/Library/Frameworks/IOSurface.framework/Versions/A/IOSurface
0x000000018e27a000 	/usr/lib/libDiagnosticMessagesClient.dylib
0x0000000192d89000 	/usr/lib/libz.1.dylib
0x000000019de33000 	/System/Library/Frameworks/ApplicationServices.framework/Versions/A/ApplicationServices
0x0000000190ece000 	/System/Library/PrivateFrameworks/DFRFoundation.framework/Versions/A/DFRFoundation
0x0000000189687000 	/usr/lib/libicucore.A.dylib
0x0000000196497000 	/System/Library/Frameworks/AudioToolbox.framework/Versions/A/AudioToolbox
0x000000019543e000 	/System/Library/PrivateFrameworks/DataDetectorsCore.framework/Versions/A/DataDetectorsCore
0x00000001ae730000 	/System/Library/PrivateFrameworks/TextInput.framework/Versions/A/TextInput
0x000000018bc09000 	/usr/lib/libMobileGestalt.dylib
0x0000000190c0e000 	/System/Library/Frameworks/Carbon.framework/Versions/A/Frameworks/HIToolbox.framework/Versions/A/HIToolbox
0x000000018e74c000 	/System/Library/Frameworks/QuartzCore.framework/Versions/A/QuartzCore
0x00000001892c5000 	/System/Library/Frameworks/Security.framework/Versions/A/Security
0x000000019a033000 	/System/Library/Frameworks/Carbon.framework/Versions/A/Frameworks/SpeechRecognition.framework/Versions/A/SpeechRecognition
0x000000018eb67000 	/System/Library/PrivateFrameworks/CoreUI.framework/Versions/A/CoreUI
0x0000000188bd1000 	/System/Library/Frameworks/CoreAudio.framework/Versions/A/CoreAudio
0x000000018e35e000 	/System/Library/Frameworks/DiskArbitration.framework/Versions/A/DiskArbitration
0x0000000194d29000 	/System/Library/PrivateFrameworks/MultitouchSupport.framework/Versions/A/MultitouchSupport
0x000000018bc07000 	/usr/lib/libenergytrace.dylib
0x00000001a429b000 	/System/Library/PrivateFrameworks/RenderBox.framework/Versions/A/RenderBox
0x0000000189cd1000 	/System/Library/Frameworks/IOKit.framework/Versions/A/IOKit
0x000000019a437000 	/System/Library/Frameworks/CoreServices.framework/Versions/A/CoreServices
0x000000018edc5000 	/System/Library/PrivateFrameworks/PerformanceAnalysis.framework/Versions/A/PerformanceAnalysis
0x00000001eed9b000 	/System/Library/Frameworks/OpenGL.framework/Versions/A/OpenGL
0x000000018ee8a000 	/usr/lib/libxml2.2.dylib
0x0000000192283000 	/System/Library/PrivateFrameworks/MobileKeyBag.framework/Versions/A/MobileKeyBag
0x00000001861c4000 	/usr/lib/libobjc.A.dylib
0x00000001864ae000 	/usr/lib/libc++.1.dylib
0x000000019a3b4000 	/System/Library/Frameworks/Accessibility.framework/Versions/A/Accessibility
0x000000018c82c000 	/System/Library/Frameworks/ColorSync.framework/Versions/A/ColorSync
0x00000001865fa000 	/System/Library/Frameworks/CoreFoundation.framework/Versions/A/CoreFoundation
0x0000000191242000 	/System/Library/Frameworks/CoreImage.framework/Versions/A/CoreImage
0x00000001889dd000 	/System/Library/Frameworks/CoreText.framework/Versions/A/CoreText
0x00000001f359d000 	/System/Library/Frameworks/CoreTransferable.framework/Versions/A/CoreTransferable
0x00000001f3a7f000 	/System/Library/Frameworks/DeveloperToolsSupport.framework/Versions/A/DeveloperToolsSupport
0x0000000190f27000 	/System/Library/Frameworks/ImageIO.framework/Versions/A/ImageIO
0x00000001f79cd000 	/System/Library/Frameworks/Symbols.framework/Versions/A/Symbols
0x0000000192e4c000 	/System/Library/PrivateFrameworks/SoftLinking.framework/Versions/A/SoftLinking
0x0000000195e69000 	/usr/lib/swift/libswiftCore.dylib
0x00000001ab464000 	/usr/lib/swift/libswiftCoreFoundation.dylib
0x00000001a90f5000 	/usr/lib/swift/libswiftCoreGraphics.dylib
0x00000001ab4b0000 	/usr/lib/swift/libswiftCoreImage.dylib
0x00000001a90fc000 	/usr/lib/swift/libswiftDarwin.dylib
0x000000019baab000 	/usr/lib/swift/libswiftDispatch.dylib
0x00000001ab4b1000 	/usr/lib/swift/libswiftIOKit.dylib
0x00000001b6e70000 	/usr/lib/swift/libswiftMetal.dylib
0x00000001c381a000 	/usr/lib/swift/libswiftOSLog.dylib
0x000000019e29f000 	/usr/lib/swift/libswiftObjectiveC.dylib
0x00000001baa9b000 	/usr/lib/swift/libswiftQuartzCore.dylib
0x00000001beaf2000 	/usr/lib/swift/libswiftUniformTypeIdentifiers.dylib
0x00000001ab47a000 	/usr/lib/swift/libswiftXPC.dylib
0x00000002277bc000 	/usr/lib/swift/libswift_Concurrency.dylib
0x000000019e2a3000 	/usr/lib/swift/libswiftos.dylib
0x00000001ae694000 	/usr/lib/swift/libswiftsimd.dylib
0x0000000192ffa000 	/usr/lib/libcompression.dylib
0x000000019538b000 	/System/Library/PrivateFrameworks/TextureIO.framework/Versions/A/TextureIO
0x00000001943e3000 	/usr/lib/libate.dylib
0x0000000192e40000 	/usr/lib/system/libcache.dylib
0x0000000192dfb000 	/usr/lib/system/libcommonCrypto.dylib
0x0000000192e27000 	/usr/lib/system/libcompiler_rt.dylib
0x0000000192e1d000 	/usr/lib/system/libcopyfile.dylib
0x000000018630f000 	/usr/lib/system/libcorecrypto.dylib
0x00000001863e5000 	/usr/lib/system/libdispatch.dylib
0x00000001865a0000 	/usr/lib/system/libdyld.dylib
0x0000000192e36000 	/usr/lib/system/libkeymgr.dylib
0x0000000192dd3000 	/usr/lib/system/libmacho.dylib
0x0000000192369000 	/usr/lib/system/libquarantine.dylib
0x0000000192e33000 	/usr/lib/system/libremovefile.dylib
0x000000018bc7d000 	/usr/lib/system/libsystem_asl.dylib
0x00000001862a8000 	/usr/lib/system/libsystem_blocks.dylib
0x000000018642f000 	/usr/lib/system/libsystem_c.dylib
0x0000000192e2b000 	/usr/lib/system/libsystem_collections.dylib
0x0000000191645000 	/usr/lib/system/libsystem_configuration.dylib
0x00000001906c4000 	/usr/lib/system/libsystem_containermanager.dylib
0x0000000192a6f000 	/usr/lib/system/libsystem_coreservices.dylib
0x0000000189940000 	/usr/lib/system/libsystem_darwin.dylib
0x0000000227ae9000 	/usr/lib/system/libsystem_darwindirectory.dylib
0x0000000192e37000 	/usr/lib/system/libsystem_dnssd.dylib
0x000000018642c000 	/usr/lib/system/libsystem_featureflags.dylib
0x00000001865cd000 	/usr/lib/system/libsystem_info.dylib
0x0000000192d98000 	/usr/lib/system/libsystem_m.dylib
0x00000001863ae000 	/usr/lib/system/libsystem_malloc.dylib
0x000000018bbed000 	/usr/lib/system/libsystem_networkextension.dylib
0x0000000189db3000 	/usr/lib/system/libsystem_notify.dylib
0x000000019164a000 	/usr/lib/system/libsystem_sandbox.dylib
0x0000000192e30000 	/usr/lib/system/libsystem_secinit.dylib
0x0000000186558000 	/usr/lib/system/libsystem_kernel.dylib
0x00000001865c6000 	/usr/lib/system/libsystem_platform.dylib
0x0000000186593000 	/usr/lib/system/libsystem_pthread.dylib
0x000000018d655000 	/usr/lib/system/libsystem_symptoms.dylib
0x00000001862f4000 	/usr/lib/system/libsystem_trace.dylib
0x0000000192e09000 	/usr/lib/system/libunwind.dylib
0x00000001862ad000 	/usr/lib/system/libxpc.dylib
0x000000018653c000 	/usr/lib/libc++abi.dylib
0x0000000192e15000 	/usr/lib/liboah.dylib
0x0000000194296000 	/usr/lib/liblzma.5.dylib
0x0000000192e48000 	/usr/lib/libfakelink.dylib
0x000000018b819000 	/System/Library/Frameworks/CFNetwork.framework/Versions/A/CFNetwork
0x0000000192e9c000 	/usr/lib/libarchive.2.dylib
0x000000019831e000 	/System/Library/Frameworks/Combine.framework/Versions/A/Combine
0x00000001fd15a000 	/System/Library/PrivateFrameworks/CollectionsInternal.framework/Versions/A/CollectionsInternal
0x0000000212929000 	/System/Library/PrivateFrameworks/ReflectionInternal.framework/Versions/A/ReflectionInternal
0x0000000212ed6000 	/System/Library/PrivateFrameworks/RuntimeInternal.framework/Versions/A/RuntimeInternal
0x0000000227905000 	/usr/lib/swift/libswift_StringProcessing.dylib
0x0000000189c50000 	/System/Library/PrivateFrameworks/CoreServicesInternal.framework/Versions/A/CoreServicesInternal
0x0000000192390000 	/usr/lib/libbsm.0.dylib
0x0000000192ddb000 	/usr/lib/system/libkxld.dylib
0x000000018ee01000 	/System/Library/Frameworks/CoreServices.framework/Versions/A/Frameworks/FSEvents.framework/Versions/A/FSEvents
0x000000018994b000 	/System/Library/Frameworks/CoreServices.framework/Versions/A/Frameworks/CarbonCore.framework/Versions/A/CarbonCore
0x000000018e2c3000 	/System/Library/Frameworks/CoreServices.framework/Versions/A/Frameworks/Metadata.framework/Versions/A/Metadata
0x0000000192a75000 	/System/Library/Frameworks/CoreServices.framework/Versions/A/Frameworks/OSServices.framework/Versions/A/OSServices
0x0000000192f25000 	/System/Library/Frameworks/CoreServices.framework/Versions/A/Frameworks/SearchKit.framework/Versions/A/SearchKit
0x000000018d5d7000 	/System/Library/Frameworks/CoreServices.framework/Versions/A/Frameworks/AE.framework/Versions/A/AE
0x0000000186ad2000 	/System/Library/Frameworks/CoreServices.framework/Versions/A/Frameworks/LaunchServices.framework/Versions/A/LaunchServices
0x000000019423f000 	/System/Library/Frameworks/CoreServices.framework/Versions/A/Frameworks/DictionaryServices.framework/Versions/A/DictionaryServices
0x000000018ee0e000 	/System/Library/Frameworks/CoreServices.framework/Versions/A/Frameworks/SharedFileList.framework/Versions/A/SharedFileList
0x0000000192fc4000 	/usr/lib/libapple_nghttp2.dylib
0x000000018d259000 	/usr/lib/libsqlite3.dylib
0x000000018d65e000 	/System/Library/Frameworks/Network.framework/Versions/A/Network
0x0000000226252000 	/usr/lib/libCoreEntitlements.dylib
0x000000020dc74000 	/System/Library/PrivateFrameworks/MessageSecurity.framework/Versions/A/MessageSecurity
0x000000018d23f000 	/System/Library/PrivateFrameworks/ProtocolBuffer.framework/Versions/A/ProtocolBuffer
0x000000019299e000 	/System/Library/PrivateFrameworks/AppleFSCompression.framework/Versions/A/AppleFSCompression
0x0000000192378000 	/usr/lib/libcoretls.dylib
0x00000001942af000 	/usr/lib/libcoretls_cfhelpers.dylib
0x0000000192ff4000 	/usr/lib/libpam.2.dylib
0x0000000194320000 	/usr/lib/libxar.1.dylib
0x0000000194707000 	/usr/lib/libheimdal-asn1.dylib
0x000000018b818000 	/usr/lib/libnetwork.dylib
0x0000000192e4d000 	/usr/lib/libpcap.A.dylib
0x000000018d64b000 	/usr/lib/libdns_services.dylib
0x0000000191652000 	/System/Library/PrivateFrameworks/AppleSystemInfo.framework/Versions/A/AppleSystemInfo
0x0000000192079000 	/System/Library/PrivateFrameworks/IOMobileFramebuffer.framework/Versions/A/IOMobileFramebuffer
0x0000000227859000 	/usr/lib/swift/libswift_RegexParser.dylib
0x0000000192a62000 	/usr/lib/libbz2.1.0.dylib
0x000000019236c000 	/usr/lib/libCheckFix.dylib
0x000000018bc95000 	/System/Library/PrivateFrameworks/TCC.framework/Versions/A/TCC
0x0000000191658000 	/System/Library/PrivateFrameworks/CoreNLP.framework/Versions/A/CoreNLP
0x000000018e27c000 	/System/Library/PrivateFrameworks/MetadataUtilities.framework/Versions/A/MetadataUtilities
0x00000001923a2000 	/usr/lib/libmecab.dylib
0x0000000187443000 	/usr/lib/libCRFSuite.dylib
0x00000001923fe000 	/usr/lib/libgermantok.dylib
0x0000000192f9c000 	/usr/lib/libThaiTokenizer.dylib
0x000000018e367000 	/System/Library/Frameworks/Accelerate.framework/Versions/A/Frameworks/vImage.framework/Versions/A/vImage
0x000000019a40e000 	/System/Library/Frameworks/Accelerate.framework/Versions/A/Frameworks/vecLib.framework/Versions/A/vecLib
0x0000000194367000 	/System/Library/Frameworks/Accelerate.framework/Versions/A/Frameworks/vecLib.framework/Versions/A/libvMisc.dylib
0x0000000191f55000 	/System/Library/Frameworks/Accelerate.framework/Versions/A/Frameworks/vecLib.framework/Versions/A/libvDSP.dylib
0x0000000186ed2000 	/System/Library/Frameworks/Accelerate.framework/Versions/A/Frameworks/vecLib.framework/Versions/A/libBLAS.dylib
0x00000001930cd000 	/System/Library/Frameworks/Accelerate.framework/Versions/A/Frameworks/vecLib.framework/Versions/A/libLAPACK.dylib
0x0000000192401000 	/System/Library/Frameworks/Accelerate.framework/Versions/A/Frameworks/vecLib.framework/Versions/A/libLinearAlgebra.dylib
0x0000000192fdf000 	/System/Library/Frameworks/Accelerate.framework/Versions/A/Frameworks/vecLib.framework/Versions/A/libSparseBLAS.dylib
0x00000001930c8000 	/System/Library/Frameworks/Accelerate.framework/Versions/A/Frameworks/vecLib.framework/Versions/A/libQuadrature.dylib
0x000000019177a000 	/System/Library/Frameworks/Accelerate.framework/Versions/A/Frameworks/vecLib.framework/Versions/A/libBNNS.dylib
0x0000000187349000 	/System/Library/Frameworks/Accelerate.framework/Versions/A/Frameworks/vecLib.framework/Versions/A/libSparse.dylib
0x000000020c4ea000 	/System/Library/PrivateFrameworks/MIL.framework/Versions/A/MIL
0x0000000192e83000 	/usr/lib/libiconv.2.dylib
0x0000000192dcf000 	/usr/lib/libcharset.1.dylib
0x000000018ede1000 	/System/Library/Frameworks/OpenDirectory.framework/Versions/A/Frameworks/CFOpenDirectory.framework/Versions/A/CFOpenDirectory
0x000000018edd1000 	/System/Library/Frameworks/OpenDirectory.framework/Versions/A/OpenDirectory
0x00000001942b1000 	/System/Library/PrivateFrameworks/APFS.framework/Versions/A/APFS
0x00000001922a9000 	/System/Library/Frameworks/SecurityFoundation.framework/Versions/A/SecurityFoundation
0x000000019432f000 	/usr/lib/libutil.dylib
0x000000020a6d1000 	/System/Library/PrivateFrameworks/InstalledContentLibrary.framework/Versions/A/InstalledContentLibrary
0x0000000189c90000 	/System/Library/PrivateFrameworks/CoreServicesStore.framework/Versions/A/CoreServicesStore
0x00000001fad12000 	/System/Library/PrivateFrameworks/AppleMobileFileIntegrity.framework/Versions/A/AppleMobileFileIntegrity
0x00000001ab442000 	/usr/lib/libmis.dylib
0x00000001baf62000 	/System/Library/PrivateFrameworks/MobileSystemServices.framework/Versions/A/MobileSystemServices
0x00000001ec203000 	/System/Library/PrivateFrameworks/ConfigProfileHelper.framework/Versions/A/ConfigProfileHelper
0x0000000192f9e000 	/System/Library/PrivateFrameworks/AppleSauce.framework/Versions/A/AppleSauce
0x000000018836f000 	/System/Library/PrivateFrameworks/LanguageModeling.framework/Versions/A/LanguageModeling
0x0000000194333000 	/usr/lib/libxslt.1.dylib
0x0000000192e8a000 	/usr/lib/libcmph.dylib
0x0000000192046000 	/System/Library/PrivateFrameworks/CoreEmoji.framework/Versions/A/CoreEmoji
0x0000000191774000 	/System/Library/PrivateFrameworks/LinguisticData.framework/Versions/A/LinguisticData
0x000000018725c000 	/System/Library/PrivateFrameworks/Lexicon.framework/Versions/A/Lexicon
0x0000000192337000 	/System/Library/PrivateFrameworks/BackgroundTaskManagement.framework/Versions/A/BackgroundTaskManagement
0x000000022643b000 	/usr/lib/libTLE.dylib
0x0000000194bef000 	/System/Library/PrivateFrameworks/AppleJPEG.framework/Versions/A/AppleJPEG
0x00000001946ec000 	/usr/lib/libexpat.1.dylib
0x00000001951e9000 	/System/Library/Frameworks/ImageIO.framework/Versions/A/Resources/libPng.dylib
0x0000000195214000 	/System/Library/Frameworks/ImageIO.framework/Versions/A/Resources/libTIFF.dylib
0x00000001952ff000 	/System/Library/Frameworks/ImageIO.framework/Versions/A/Resources/libGIF.dylib
0x0000000194c35000 	/System/Library/Frameworks/ImageIO.framework/Versions/A/Resources/libJP2.dylib
0x00000001952a4000 	/System/Library/Frameworks/ImageIO.framework/Versions/A/Resources/libJPEG.dylib
0x000000019529b000 	/System/Library/Frameworks/ImageIO.framework/Versions/A/Resources/libRadiance.dylib
0x0000000190aa9000 	/System/Library/PrivateFrameworks/FontServices.framework/libFontParser.dylib
0x000000018d575000 	/System/Library/PrivateFrameworks/RunningBoardServices.framework/Versions/A/RunningBoardServices
0x00000001a0b5b000 	/System/Library/PrivateFrameworks/IOSurfaceAccelerator.framework/Versions/A/IOSurfaceAccelerator
0x0000000194d25000 	/System/Library/PrivateFrameworks/WatchdogClient.framework/Versions/A/WatchdogClient
0x0000000188552000 	/System/Library/Frameworks/CoreDisplay.framework/Versions/A/CoreDisplay
0x0000000190962000 	/System/Library/Frameworks/CoreMedia.framework/Versions/A/CoreMedia
0x0000000190706000 	/System/Library/PrivateFrameworks/IOAccelerator.framework/Versions/A/IOAccelerator
0x000000018ef74000 	/System/Library/Frameworks/CoreVideo.framework/Versions/A/CoreVideo
0x0000000192ff2000 	/System/Library/Frameworks/MetalPerformanceShaders.framework/Versions/A/MetalPerformanceShaders
0x0000000194d68000 	/System/Library/Frameworks/VideoToolbox.framework/Versions/A/VideoToolbox
0x000000018f00f000 	/System/Library/PrivateFrameworks/UserManagement.framework/Versions/A/UserManagement
0x000000018d4a4000 	/System/Library/PrivateFrameworks/BaseBoard.framework/Versions/A/BaseBoard
0x0000000191650000 	/System/Library/PrivateFrameworks/AggregateDictionary.framework/Versions/A/AggregateDictionary
0x00000001fac92000 	/System/Library/PrivateFrameworks/AppleKeyStore.framework/Versions/A/AppleKeyStore
0x0000000195296000 	/System/Library/PrivateFrameworks/GPUWrangler.framework/Versions/A/GPUWrangler
0x0000000195276000 	/System/Library/PrivateFrameworks/IOPresentment.framework/Versions/A/IOPresentment
0x000000019529e000 	/System/Library/PrivateFrameworks/DSExternalDisplay.framework/Versions/A/DSExternalDisplay
0x000000020683f000 	/System/Library/PrivateFrameworks/GPUCompiler.framework/Versions/32023/Libraries/libllvm-flatbuffers.dylib
0x00000001eed8e000 	/System/Library/Frameworks/OpenGL.framework/Versions/A/Libraries/libCoreFSCache.dylib
0x0000000203a77000 	/System/Library/PrivateFrameworks/GPUCompiler.framework/Versions/32023/Libraries/libGPUCompilerUtils.dylib
0x0000000195305000 	/System/Library/PrivateFrameworks/CMCaptureCore.framework/Versions/A/CMCaptureCore
0x00000001f3b84000 	/System/Library/Frameworks/ExtensionFoundation.framework/Versions/A/ExtensionFoundation
0x000000019c2f0000 	/System/Library/PrivateFrameworks/CoreTime.framework/Versions/A/CoreTime
0x00000001948bd000 	/System/Library/PrivateFrameworks/AppServerSupport.framework/Versions/A/AppServerSupport
0x0000000196e17000 	/System/Library/PrivateFrameworks/perfdata.framework/Versions/A/perfdata
0x0000000188676000 	/System/Library/PrivateFrameworks/AudioToolboxCore.framework/Versions/A/AudioToolboxCore
0x0000000190938000 	/System/Library/PrivateFrameworks/caulk.framework/Versions/A/caulk
0x0000000196692000 	/usr/lib/libAudioStatistics.dylib
0x00000001aa79e000 	/System/Library/PrivateFrameworks/SystemPolicy.framework/Versions/A/SystemPolicy
0x000000019696a000 	/usr/lib/libSMC.dylib
0x00000001a0155000 	/System/Library/Frameworks/CoreMIDI.framework/Versions/A/CoreMIDI
0x00000001951b0000 	/usr/lib/libAudioToolboxUtility.dylib
0x00000001a5f40000 	/System/Library/PrivateFrameworks/OSAServicesClient.framework/Versions/A/OSAServicesClient
0x0000000196e25000 	/usr/lib/libperfcheck.dylib
0x00000001945d6000 	/System/Library/PrivateFrameworks/PlugInKit.framework/Versions/A/PlugInKit
0x000000019229b000 	/System/Library/PrivateFrameworks/AssertionServices.framework/Versions/A/AssertionServices
0x000000019f269000 	/System/Library/PrivateFrameworks/ASEProcessing.framework/Versions/A/ASEProcessing
0x00000001c6bd3000 	/System/Library/PrivateFrameworks/Symbolication.framework/Versions/A/Symbolication
0x0000000211996000 	/System/Library/PrivateFrameworks/PhotosensitivityProcessing.framework/Versions/A/PhotosensitivityProcessing
0x000000019486f000 	/System/Library/PrivateFrameworks/GraphVisualizer.framework/Versions/A/GraphVisualizer
0x00000001eedf0000 	/System/Library/Frameworks/OpenGL.framework/Versions/A/Libraries/libGLU.dylib
0x00000001eedaf000 	/System/Library/Frameworks/OpenGL.framework/Versions/A/Libraries/libGFXShared.dylib
0x00000001eef88000 	/System/Library/Frameworks/OpenGL.framework/Versions/A/Libraries/libGL.dylib
0x00000001eedb8000 	/System/Library/Frameworks/OpenGL.framework/Versions/A/Libraries/libGLImage.dylib
0x00000001eedac000 	/System/Library/Frameworks/OpenGL.framework/Versions/A/Libraries/libCVMSPluginSupport.dylib
0x00000002263f4000 	/usr/lib/libRosetta.dylib
0x00000001eed95000 	/System/Library/Frameworks/OpenGL.framework/Versions/A/Libraries/libCoreVMClient.dylib
0x0000000201e31000 	/System/Library/PrivateFrameworks/FontServices.framework/Versions/A/FontServices
0x000000019487b000 	/System/Library/PrivateFrameworks/OTSVG.framework/Versions/A/OTSVG
0x000000018eb15000 	/System/Library/Frameworks/ApplicationServices.framework/Versions/A/Frameworks/ATS.framework/Versions/A/Resources/libFontRegistry.dylib
0x00000001948c7000 	/System/Library/PrivateFrameworks/FontServices.framework/libhvf.dylib
0x0000000201e32000 	/System/Library/PrivateFrameworks/FontServices.framework/libXTFontStaticRegistryData.dylib
0x00000001915c7000 	/System/Library/Frameworks/MetalPerformanceShaders.framework/Versions/A/Frameworks/MPSCore.framework/Versions/A/MPSCore
0x0000000192911000 	/System/Library/Frameworks/MetalPerformanceShaders.framework/Versions/A/Frameworks/MPSImage.framework/Versions/A/MPSImage
0x0000000192416000 	/System/Library/Frameworks/MetalPerformanceShaders.framework/Versions/A/Frameworks/MPSNeuralNetwork.framework/Versions/A/MPSNeuralNetwork
0x0000000192804000 	/System/Library/Frameworks/MetalPerformanceShaders.framework/Versions/A/Frameworks/MPSMatrix.framework/Versions/A/MPSMatrix
0x0000000192610000 	/System/Library/Frameworks/MetalPerformanceShaders.framework/Versions/A/Frameworks/MPSRayIntersector.framework/Versions/A/MPSRayIntersector
0x0000000192833000 	/System/Library/Frameworks/MetalPerformanceShaders.framework/Versions/A/Frameworks/MPSNDArray.framework/Versions/A/MPSNDArray
0x00000001f525c000 	/System/Library/Frameworks/MetalPerformanceShaders.framework/Versions/A/Frameworks/MPSFunctions.framework/Versions/A/MPSFunctions
0x00000001f523e000 	/System/Library/Frameworks/MetalPerformanceShaders.framework/Versions/A/Frameworks/MPSBenchmarkLoop.framework/Versions/A/MPSBenchmarkLoop
0x0000000186d87000 	/System/Library/PrivateFrameworks/MetalTools.framework/Versions/A/MetalTools
0x00000001af851000 	/System/Library/PrivateFrameworks/IOAccelMemoryInfo.framework/Versions/A/IOAccelMemoryInfo
0x00000001bae6f000 	/System/Library/PrivateFrameworks/kperf.framework/Versions/A/kperf
0x00000001ab456000 	/System/Library/PrivateFrameworks/GPURawCounter.framework/Versions/A/GPURawCounter
0x000000019c1e0000 	/System/Library/PrivateFrameworks/CoreSymbolication.framework/Versions/A/CoreSymbolication
0x00000001ab413000 	/System/Library/PrivateFrameworks/MallocStackLogging.framework/Versions/A/MallocStackLogging
0x000000019447d000 	/System/Library/PrivateFrameworks/CrashReporterSupport.framework/Versions/A/CrashReporterSupport
0x000000019c19b000 	/System/Library/PrivateFrameworks/DebugSymbols.framework/Versions/A/DebugSymbols
0x00000001ba1ad000 	/System/Library/PrivateFrameworks/OSAnalytics.framework/Versions/A/OSAnalytics
0x000000021d969000 	/System/Library/PrivateFrameworks/VideoToolboxParavirtualizationSupport.framework/Versions/A/VideoToolboxParavirtualizationSupport
0x00000001946a0000 	/System/Library/PrivateFrameworks/AppleVA.framework/Versions/A/AppleVA
0x00000001966da000 	/System/Library/Frameworks/ApplicationServices.framework/Versions/A/Frameworks/ATS.framework/Versions/A/ATS
0x000000018c9db000 	/System/Library/Frameworks/ApplicationServices.framework/Versions/A/Frameworks/HIServices.framework/Versions/A/HIServices
0x0000000195313000 	/System/Library/Frameworks/ApplicationServices.framework/Versions/A/Frameworks/PrintCore.framework/Versions/A/PrintCore
0x0000000196ac3000 	/System/Library/Frameworks/ApplicationServices.framework/Versions/A/Frameworks/QD.framework/Versions/A/QD
0x0000000196ab7000 	/System/Library/Frameworks/ApplicationServices.framework/Versions/A/Frameworks/ColorSyncLegacy.framework/Versions/A/ColorSyncLegacy
0x00000001966aa000 	/System/Library/Frameworks/ApplicationServices.framework/Versions/A/Frameworks/SpeechSynthesis.framework/Versions/A/SpeechSynthesis
0x00000001952cf000 	/System/Library/Frameworks/ApplicationServices.framework/Versions/A/Frameworks/ATSUI.framework/Versions/A/ATSUI
0x0000000196a4a000 	/usr/lib/libcups.2.dylib
0x0000000196e33000 	/System/Library/Frameworks/Kerberos.framework/Versions/A/Kerberos
0x0000000196e44000 	/System/Library/Frameworks/GSS.framework/Versions/A/GSS
0x0000000196759000 	/usr/lib/libresolv.9.dylib
0x00000001948d8000 	/System/Library/PrivateFrameworks/Heimdal.framework/Versions/A/Heimdal
0x000000019e20b000 	/System/Library/Frameworks/Kerberos.framework/Versions/A/Libraries/libHeimdalProxy.dylib
0x0000000196e9e000 	/System/Library/PrivateFrameworks/CommonAuth.framework/Versions/A/CommonAuth
0x00000001f2985000 	/System/Library/Frameworks/AVFAudio.framework/Versions/A/AVFAudio
0x00000001a5f8f000 	/System/Library/PrivateFrameworks/AXCoreUtilities.framework/Versions/A/AXCoreUtilities
0x0000000196616000 	/System/Library/PrivateFrameworks/AudioSession.framework/Versions/A/AudioSession
0x00000001980c1000 	/System/Library/Frameworks/IOBluetooth.framework/Versions/A/IOBluetooth
0x00000001947ab000 	/System/Library/PrivateFrameworks/MediaExperience.framework/Versions/A/MediaExperience
0x0000000196459000 	/System/Library/PrivateFrameworks/AudioSession.framework/libSessionUtility.dylib
0x0000000196acf000 	/System/Library/PrivateFrameworks/AudioResourceArbitration.framework/Versions/A/AudioResourceArbitration
0x000000019b165000 	/System/Library/PrivateFrameworks/PowerLog.framework/Versions/A/PowerLog
0x000000019b088000 	/System/Library/Frameworks/CoreBluetooth.framework/Versions/A/CoreBluetooth
0x000000019e20c000 	/System/Library/Frameworks/AudioUnit.framework/Versions/A/AudioUnit
0x0000000192106000 	/System/Library/PrivateFrameworks/CoreUtils.framework/Versions/A/CoreUtils
0x00000002002a2000 	/System/Library/PrivateFrameworks/CoreUtilsExtras.framework/Versions/A/CoreUtilsExtras
0x000000020a568000 	/System/Library/PrivateFrameworks/IO80211.framework/Versions/A/IO80211
0x00000001a5faa000 	/usr/lib/libAccessibility.dylib
0x000000019a787000 	/System/Library/Frameworks/MediaAccessibility.framework/Versions/A/MediaAccessibility
0x000000019bd0e000 	/System/Library/PrivateFrameworks/FrontBoardServices.framework/Versions/A/FrontBoardServices
0x000000019d7e9000 	/System/Library/PrivateFrameworks/BackBoardServices.framework/Versions/A/BackBoardServices
0x000000019bdc8000 	/System/Library/PrivateFrameworks/BoardServices.framework/Versions/A/BoardServices
0x0000000194712000 	/System/Library/PrivateFrameworks/IconFoundation.framework/Versions/A/IconFoundation
0x000000019a01f000 	/System/Library/PrivateFrameworks/SpeechRecognitionCore.framework/Versions/A/SpeechRecognitionCore
0x00000001c9fd6000 	/System/Library/Frameworks/OSLog.framework/Versions/A/OSLog
0x00000001ab3a3000 	/System/Library/PrivateFrameworks/LoggingSupport.framework/Versions/A/LoggingSupport
0x00000001060cc000 	/Library/Java/JavaVirtualMachines/temurin-11.jdk/Contents/Home/lib/server/libjvm.dylib
0x0000000104fa0000 	/Library/Java/JavaVirtualMachines/temurin-11.jdk/Contents/Home/lib/libverify.dylib
0x0000000104fec000 	/Library/Java/JavaVirtualMachines/temurin-11.jdk/Contents/Home/lib/libjava.dylib
0x0000000104fb8000 	/Library/Java/JavaVirtualMachines/temurin-11.jdk/Contents/Home/lib/libjimage.dylib
0x0000000105068000 	/Library/Java/JavaVirtualMachines/temurin-11.jdk/Contents/Home/lib/libjdwp.dylib
0x0000000105020000 	/Library/Java/JavaVirtualMachines/temurin-11.jdk/Contents/Home/lib/libinstrument.dylib
0x0000000105038000 	/Library/Java/JavaVirtualMachines/temurin-11.jdk/Contents/Home/lib/libzip.dylib
0x00000002260f7000 	/usr/lib/i18n/libiconv_std.dylib
0x00000002260df000 	/usr/lib/i18n/libUTF8.dylib
0x00000002260fb000 	/usr/lib/i18n/libmapper_646.dylib
0x00000001052ec000 	/Library/Java/JavaVirtualMachines/temurin-11.jdk/Contents/Home/lib/libdt_socket.dylib
0x0000000105320000 	/Library/Java/JavaVirtualMachines/temurin-11.jdk/Contents/Home/lib/libnio.dylib
0x0000000105364000 	/Library/Java/JavaVirtualMachines/temurin-11.jdk/Contents/Home/lib/libnet.dylib
0x0000000105300000 	/Library/Java/JavaVirtualMachines/temurin-11.jdk/Contents/Home/lib/libmanagement.dylib
0x0000000105340000 	/Library/Java/JavaVirtualMachines/temurin-11.jdk/Contents/Home/lib/libmanagement_ext.dylib
0x0000000195e0b000 	/usr/lib/libusrtcp.dylib
0x000000018b74f000 	/usr/lib/libboringssl.dylib
0x0000000106094000 	/Library/Java/JavaVirtualMachines/temurin-11.jdk/Contents/Home/lib/libextnet.dylib
0x00000001075a0000 	/Library/Java/JavaVirtualMachines/temurin-11.jdk/Contents/Home/lib/libsunec.dylib


VM Arguments:
jvm_args: -agentlib:jdwp=transport=dt_socket,suspend=y,address=localhost:61277 -Dcom.sun.management.jmxremote -Dcom.sun.management.jmxremote.port=61276 -Dcom.sun.management.jmxremote.authenticate=false -Dcom.sun.management.jmxremote.ssl=false -Djava.rmi.server.hostname=localhost -Dspring.jmx.enabled=true -Dmanagement.endpoints.jmx.exposure.include=* -Dspring.application.admin.enabled=true -Djava.security.egd=file:/dev/./urandom -XX:TieredStopAtLevel=1 -Dspring.boot.project.name=various_functions_springboot_v1 -javaagent:/Applications/SpringToolSuite4.app/Contents/Eclipse/configuration/org.eclipse.osgi/252/0/.cp/lib/javaagent-shaded.jar -Dfile.encoding=UTF-8 -Dstdout.encoding=UTF-8 -Dstderr.encoding=UTF-8 
java_command: com.various_functions.VariousFunctionsSpringbootV1Application --debug --spring.output.ansi.enabled=always
java_class_path (initial): /Users/jeongsujin/springProject/various_functions_springboot_v1/bin/main:/Users/jeongsujin/springProject/various_functions_springboot_v1/bin/default:/Users/jeongsujin/.gradle/caches/modules-2/files-2.1/org.springframework.boot/spring-boot-configuration-processor/2.7.18/899128018a7962b3e4be665910bae65dff08d1b0/spring-boot-configuration-processor-2.7.18.jar:/Users/jeongsujin/.gradle/caches/modules-2/files-2.1/org.projectlombok/lombok/1.18.30/f195ee86e6c896ea47a1d39defbe20eb59cd149d/lombok-1.18.30.jar:/Users/jeongsujin/.gradle/caches/modules-2/files-2.1/org.springframework.boot/spring-boot-starter-data-jdbc/2.7.18/f962199e375647a60b5b3dc4590388b10b69f6d2/spring-boot-starter-data-jdbc-2.7.18.jar:/Users/jeongsujin/.gradle/caches/modules-2/files-2.1/org.springframework.boot/spring-boot-starter-data-jpa/2.7.18/ffc6aa225da2a9987238ad88ae4550e5ee68da61/spring-boot-starter-data-jpa-2.7.18.jar:/Users/jeongsujin/.gradle/caches/modules-2/files-2.1/org.springframework.boot/spring-boot-starter-thymeleaf/2.7.18/c87a27e30720c43372ceb0476b5b00c6f5296df3/spring-boot-starter-thymeleaf-2.7.18.jar:/Users/jeongsujin/.gradle/caches/modules-2/files-2.1/org.springframework.boot/spring-boot-starter-validation/2.7.18/5c37e1806f7b09b2c0efc7317fbe16be65ced66e/spring-boot-starter-validation-2.7.18.jar:/Users/jeongsujin/.gradle/caches/modules-2/files-2.1/org.springframework.boot/spring-boot-starter-web/2.7.18/dd62ea85098187b4604e78dc15a7ff87dba173d/spring-boot-starter-web-2.7.18.jar:/Users/jeongsujin/.gradle/caches/modules-2/files-2.1/commons-fileupload/commons-fileupload/1.4/f95188e3d372e20e7328706c37ef366e5d7859b0/commons-fileupload-1.4.jar:/Users/jeongsujin/.gradle/caches/modules-2/files-2.1/org.springframework.boot/spring-boot-starter-json/2.7.18/b6d9ed5cae0c1929a9e561bf4799a3dc93a10db1/spring-boot-starter-json-2.7.18.jar:/Users/jeongsujin/.gradle/caches/modules-2/files-2.1/com.fasterxml.jackson.datatype/jackson-datatype-jsr310/2.13.5/8ba3b868e81d7fc6ead686bd235385
Launcher Type: SUN_STANDARD

[Global flags]
     intx CICompilerCount                          = 4                                         {product} {ergonomic}
     uint ConcGCThreads                            = 2                                         {product} {ergonomic}
     uint G1ConcRefinementThreads                  = 8                                         {product} {ergonomic}
   size_t G1HeapRegionSize                         = 1048576                                   {product} {ergonomic}
    uintx GCDrainStackTargetSize                   = 64                                        {product} {ergonomic}
   size_t InitialHeapSize                          = 134217728                                 {product} {ergonomic}
     bool ManagementServer                         = true                                      {product} {command line}
   size_t MarkStackSize                            = 4194304                                   {product} {ergonomic}
   size_t MaxHeapSize                              = 2147483648                                {product} {ergonomic}
   size_t MaxNewSize                               = 1287651328                                {product} {ergonomic}
   size_t MinHeapDeltaBytes                        = 1048576                                   {product} {ergonomic}
    uintx NonNMethodCodeHeapSize                   = 7549744                                {pd product} {ergonomic}
    uintx NonProfiledCodeHeapSize                  = 244108496                              {pd product} {ergonomic}
    uintx ProfiledCodeHeapSize                     = 0                                      {pd product} {ergonomic}
    uintx ReservedCodeCacheSize                    = 251658240                              {pd product} {ergonomic}
     bool SegmentedCodeCache                       = true                                      {product} {ergonomic}
     intx TieredStopAtLevel                        = 1                                         {product} {command line}
     bool UseCompressedClassPointers               = true                                 {lp64_product} {ergonomic}
     bool UseCompressedOops                        = true                                 {lp64_product} {ergonomic}
     bool UseG1GC                                  = true                                      {product} {ergonomic}

Logging:
Log output configuration:
 #0: stdout all=warning uptime,level,tags
 #1: stderr all=off uptime,level,tags

Environment Variables:
PATH=/usr/bin:/bin:/usr/sbin:/sbin
SHELL=/bin/zsh

Signal Handlers:
SIGSEGV: [libjvm.dylib+0x7455d8], sa_mask[0]=11111111011111110111111111111111, sa_flags=SA_ONSTACK|SA_RESTART|SA_SIGINFO
SIGBUS: [libjvm.dylib+0x7455d8], sa_mask[0]=11111111011111110111111111111111, sa_flags=SA_RESTART|SA_SIGINFO
SIGFPE: [libjvm.dylib+0x7455d8], sa_mask[0]=11111111011111110111111111111111, sa_flags=SA_RESTART|SA_SIGINFO
SIGPIPE: [libjvm.dylib+0x5a11c4], sa_mask[0]=11111111011111110111111111111111, sa_flags=SA_RESTART|SA_SIGINFO
SIGXFSZ: [libjvm.dylib+0x5a11c4], sa_mask[0]=11111111011111110111111111111111, sa_flags=SA_RESTART|SA_SIGINFO
SIGILL: [libjvm.dylib+0x7455d8], sa_mask[0]=11111111011111110111111111111111, sa_flags=SA_RESTART|SA_SIGINFO
SIGUSR2: [libjvm.dylib+0x5a17c4], sa_mask[0]=00100000000000000000000000000000, sa_flags=SA_RESTART|SA_SIGINFO
SIGHUP: [libjvm.dylib+0x59ff70], sa_mask[0]=11111111011111110111111111111111, sa_flags=SA_RESTART|SA_SIGINFO
SIGINT: [libjvm.dylib+0x59ff70], sa_mask[0]=11111111011111110111111111111111, sa_flags=SA_RESTART|SA_SIGINFO
SIGTERM: [libjvm.dylib+0x59ff70], sa_mask[0]=11111111011111110111111111111111, sa_flags=SA_RESTART|SA_SIGINFO
SIGQUIT: [libjvm.dylib+0x59ff70], sa_mask[0]=11111111011111110111111111111111, sa_flags=SA_RESTART|SA_SIGINFO


---------------  S Y S T E M  ---------------

OS:uname:Darwin 23.3.0 Darwin Kernel Version 23.3.0: Wed Dec 20 21:30:27 PST 2023; root:xnu-10002.81.5~7/RELEASE_ARM64_T8103 arm64
OS uptime: 0 days 3:50 hours
rlimit (soft/hard): STACK 8176k/65520k , CORE 0k/infinity , NPROC 1333/2000 , NOFILE 10240/infinity , AS infinity/infinity , CPU infinity/infinity , DATA infinity/infinity , FSIZE infinity/infinity , MEMLOCK infinity/infinity , RSS infinity/infinity
load average:2.53 2.70 2.22

CPU:total 8 (initial active 8) 0x61:0x0:0x1b588bb3:0, simd, crc, lse

Memory: 16k page, physical 8388608k(57088k free), swap 1048576k(344896k free)

vm_info: OpenJDK 64-Bit Server VM (11.0.16.1+1) for bsd-aarch64 JRE (11.0.16.1+1), built on Aug 16 2022 08:51:03 by "jenkins" with clang Apple LLVM 12.0.0 (clang-1200.0.32.29)

END.
